[0.598s] Invoking command in '/home/judson35/f1_tenth/sim_ws/build/safety_node': CMAKE_PREFIX_PATH=/opt/ros/foxy /usr/bin/cmake /home/judson35/f1_tenth/sim_ws/src/safety_node -DCMAKE_INSTALL_PREFIX=/home/judson35/f1_tenth/sim_ws/install/safety_node
[0.735s] -- The C compiler identification is GNU 9.4.0
[0.838s] -- The CXX compiler identification is GNU 9.4.0
[0.849s] -- Check for working C compiler: /usr/bin/cc
[0.954s] -- Check for working C compiler: /usr/bin/cc -- works
[0.956s] -- Detecting C compiler ABI info
[1.061s] -- Detecting C compiler ABI info - done
[1.082s] -- Detecting C compile features
[1.083s] -- Detecting C compile features - done
[1.088s] -- Check for working CXX compiler: /usr/bin/c++
[1.221s] -- Check for working CXX compiler: /usr/bin/c++ -- works
[1.223s] -- Detecting CXX compiler ABI info
[1.348s] -- Detecting CXX compiler ABI info - done
[1.373s] -- Detecting CXX compile features
[1.374s] -- Detecting CXX compile features - done
[1.381s] -- Found ament_cmake: 0.9.12 (/opt/ros/foxy/share/ament_cmake/cmake)
[1.430s] -- Found PythonInterp: /usr/bin/python3 (found suitable version "3.8.10", minimum required is "3") 
[1.430s] -- Using PYTHON_EXECUTABLE: /usr/bin/python3
[1.840s] -- Found rclcpp: 2.4.3 (/opt/ros/foxy/share/rclcpp/cmake)
[1.927s] -- Using all available rosidl_typesupport_c: rosidl_typesupport_fastrtps_c;rosidl_typesupport_introspection_c
[1.939s] -- Found rosidl_adapter: 1.3.1 (/opt/ros/foxy/share/rosidl_adapter/cmake)
[2.072s] -- Found OpenSSL: /usr/lib/x86_64-linux-gnu/libcrypto.so (found version "1.1.1f")  
[2.123s] -- Found FastRTPS: /opt/ros/foxy/include  
[2.266s] -- Using all available rosidl_typesupport_cpp: rosidl_typesupport_fastrtps_cpp;rosidl_typesupport_introspection_cpp
[2.395s] -- Found rmw_implementation_cmake: 1.0.4 (/opt/ros/foxy/share/rmw_implementation_cmake/cmake)
[2.398s] -- Using RMW implementation 'rmw_fastrtps_cpp' as default
[2.401s] -- Looking for pthread.h
[2.617s] -- Looking for pthread.h - found
[2.619s] -- Performing Test CMAKE_HAVE_LIBC_PTHREAD
[2.760s] -- Performing Test CMAKE_HAVE_LIBC_PTHREAD - Failed
[2.760s] -- Looking for pthread_create in pthreads
[2.857s] -- Looking for pthread_create in pthreads - not found
[2.857s] -- Looking for pthread_create in pthread
[2.970s] -- Looking for pthread_create in pthread - found
[2.973s] -- Found Threads: TRUE  
[3.288s] -- Found rclpy: 1.0.13 (/opt/ros/foxy/share/rclpy/cmake)
[3.290s] -- Found nav_msgs: 2.0.5 (/opt/ros/foxy/share/nav_msgs/cmake)
[3.527s] -- Found ackermann_msgs: 2.0.2 (/opt/ros/foxy/share/ackermann_msgs/cmake)
[3.595s] -- Found sensor_msgs: 2.0.5 (/opt/ros/foxy/share/sensor_msgs/cmake)
[3.801s] -- Found ament_lint_auto: 0.9.8 (/opt/ros/foxy/share/ament_lint_auto/cmake)
[3.934s] -- Added test 'copyright' to check source files copyright and LICENSE
[3.936s] -- Added test 'cppcheck' to perform static code analysis on C / C++ code
[3.937s] -- Configured cppcheck include dirs: /home/judson35/f1_tenth/sim_ws/src/safety_node/include
[3.937s] -- Configured cppcheck exclude dirs and/or files: 
[3.939s] -- Added test 'cpplint' to check C / C++ code against the Google style
[3.939s] -- Configured cpplint exclude dirs and/or files: 
[3.940s] -- Added test 'flake8' to check Python code syntax and style conventions
[3.941s] -- Added test 'lint_cmake' to check CMake code style
[3.942s] -- Added test 'pep257' to check Python code against some of the style conventions in PEP 257
[3.944s] -- Added test 'uncrustify' to check C / C++ code style
[3.944s] -- Configured uncrustify additional arguments: 
[3.945s] -- Added test 'xmllint' to check XML markup files
[3.950s] -- Configuring done
[3.967s] -- Generating done
[3.970s] -- Build files have been written to: /home/judson35/f1_tenth/sim_ws/build/safety_node
[3.982s] Invoked command in '/home/judson35/f1_tenth/sim_ws/build/safety_node' returned '0': CMAKE_PREFIX_PATH=/opt/ros/foxy /usr/bin/cmake /home/judson35/f1_tenth/sim_ws/src/safety_node -DCMAKE_INSTALL_PREFIX=/home/judson35/f1_tenth/sim_ws/install/safety_node
[3.987s] Invoking command in '/home/judson35/f1_tenth/sim_ws/build/safety_node': CMAKE_PREFIX_PATH=/opt/ros/foxy /usr/bin/cmake --build /home/judson35/f1_tenth/sim_ws/build/safety_node -- -j8 -l8
[4.050s] [35m[1mScanning dependencies of target safety_node[0m
[4.183s] [ 50%] [32mBuilding CXX object CMakeFiles/safety_node.dir/src/safety_node.cpp.o[0m
[6.522s] [01m[K/home/judson35/f1_tenth/sim_ws/src/safety_node/src/safety_node.cpp:[m[K In constructor â€˜[01m[KSafety::Safety()[m[Kâ€™:
[6.522s] [01m[K/home/judson35/f1_tenth/sim_ws/src/safety_node/src/safety_node.cpp:28:44:[m[K [01;31m[Kerror: [m[Kâ€˜[01m[Ktutorial_interfaces[m[Kâ€™ was not declared in this scope; did you mean â€˜[01m[Krcl_interfaces[m[Kâ€™?
[6.523s]    28 |        publisher_ = this->create_publisher<[01;31m[Ktutorial_interfaces[m[K::msg::Num>("drive", 10);
[6.523s]       |                                            [01;31m[K^~~~~~~~~~~~~~~~~~~[m[K
[6.523s]       |                                            [32m[Krcl_interfaces[m[K
[6.523s] [01m[K/home/judson35/f1_tenth/sim_ws/src/safety_node/src/safety_node.cpp:28:27:[m[K [01;31m[Kerror: [m[Kparse error in template argument list
[6.523s]    28 |        publisher_ = this->[01;31m[Kcreate_publisher<tutorial_interfaces::msg::Num>[m[K("drive", 10);
[6.524s]       |                           [01;31m[K^~~~~~~~~~~~~~~~~~~~~~~~~~~~~~~~~~~~~~~~~~~~~~~[m[K
[6.524s] [01m[K/home/judson35/f1_tenth/sim_ws/src/safety_node/src/safety_node.cpp:28:86:[m[K [01;31m[Kerror: [m[Kno matching function for call to â€˜[01m[KSafety::create_publisher<<expression error> >(const char [6], int)[m[Kâ€™
[6.524s]    28 | ->create_publisher<tutorial_interfaces::msg::Num>("drive", 10[01;31m[K)[m[K;
[6.524s]       |                                                              [01;31m[K^[m[K
[6.524s] 
[6.525s] In file included from [01m[K/opt/ros/foxy/include/rclcpp/executors/single_threaded_executor.hpp:28[m[K,
[6.525s]                  from [01m[K/opt/ros/foxy/include/rclcpp/executors.hpp:22[m[K,
[6.525s]                  from [01m[K/opt/ros/foxy/include/rclcpp/rclcpp.hpp:146[m[K,
[6.525s]                  from [01m[K/home/judson35/f1_tenth/sim_ws/src/safety_node/src/safety_node.cpp:1[m[K:
[6.525s] [01m[K/opt/ros/foxy/include/rclcpp/node.hpp:184:3:[m[K [01;36m[Knote: [m[Kcandidate: â€˜[01m[Ktemplate<class MessageT, class AllocatorT, class PublisherT> std::shared_ptr<PublisherT> rclcpp::Node::create_publisher(const string&, const rclcpp::QoS&, const rclcpp::PublisherOptionsWithAllocator<AllocatorT>&)[m[Kâ€™
[6.526s]   184 |   [01;36m[Kcreate_publisher[m[K(
[6.526s]       |   [01;36m[K^~~~~~~~~~~~~~~~[m[K
[6.526s] [01m[K/opt/ros/foxy/include/rclcpp/node.hpp:184:3:[m[K [01;36m[Knote: [m[K  template argument deduction/substitution failed:
[6.526s] [01m[K/home/judson35/f1_tenth/sim_ws/src/safety_node/src/safety_node.cpp:28:86:[m[K [01;31m[Kerror: [m[Ktemplate argument 1 is invalid
[6.526s]    28 | ->create_publisher<tutorial_interfaces::msg::Num>("drive", 10[01;31m[K)[m[K;
[6.526s]       |                                                              [01;31m[K^[m[K
[6.527s] 
[6.550s] [01m[K/home/judson35/f1_tenth/sim_ws/src/safety_node/src/safety_node.cpp:[m[K In member function â€˜[01m[Kvoid Safety::drive_callback(nav_msgs::msg::Odometry_<std::allocator<void> >::ConstSharedPtr)[m[Kâ€™:
[6.550s] [01m[K/home/judson35/f1_tenth/sim_ws/src/safety_node/src/safety_node.cpp:43:21:[m[K [01;31m[Kerror: [m[Kâ€˜[01m[Kconst ConstSharedPtr[m[Kâ€™ {aka â€˜[01m[Kconst class std::shared_ptr<const nav_msgs::msg::Odometry_<std::allocator<void> > >[m[Kâ€™} has no member named â€˜[01m[Ktwist[m[Kâ€™
[6.550s]    43 |         speed = msg.[01;31m[Ktwist[m[K.twist.linear.x;
[6.551s]       |                     [01;31m[K^~~~~[m[K
[6.554s] [01m[K/home/judson35/f1_tenth/sim_ws/src/safety_node/src/safety_node.cpp:[m[K In member function â€˜[01m[Kvoid Safety::scan_callback(sensor_msgs::msg::LaserScan_<std::allocator<void> >::ConstSharedPtr)[m[Kâ€™:
[6.555s] [01m[K/home/judson35/f1_tenth/sim_ws/src/safety_node/src/safety_node.cpp:48:32:[m[K [01;31m[Kerror: [m[Kâ€˜[01m[Kconst ConstSharedPtr[m[Kâ€™ {aka â€˜[01m[Kconst class std::shared_ptr<const sensor_msgs::msg::LaserScan_<std::allocator<void> > >[m[Kâ€™} has no member named â€˜[01m[Kangle_max[m[Kâ€™
[6.555s]    48 |         float range = scan_msg.[01;31m[Kangle_max[m[K - scan_msg.angle_min;
[6.555s]       |                                [01;31m[K^~~~~~~~~[m[K
[6.555s] [01m[K/home/judson35/f1_tenth/sim_ws/src/safety_node/src/safety_node.cpp:48:53:[m[K [01;31m[Kerror: [m[Kâ€˜[01m[Kconst ConstSharedPtr[m[Kâ€™ {aka â€˜[01m[Kconst class std::shared_ptr<const sensor_msgs::msg::LaserScan_<std::allocator<void> > >[m[Kâ€™} has no member named â€˜[01m[Kangle_min[m[Kâ€™
[6.555s]    48 |         float range = scan_msg.angle_max - scan_msg.[01;31m[Kangle_min[m[K;
[6.556s]       |                                                     [01;31m[K^~~~~~~~~[m[K
[6.556s] [01m[K/home/judson35/f1_tenth/sim_ws/src/safety_node/src/safety_node.cpp:49:38:[m[K [01;31m[Kerror: [m[Kâ€˜[01m[Kconst ConstSharedPtr[m[Kâ€™ {aka â€˜[01m[Kconst class std::shared_ptr<const sensor_msgs::msg::LaserScan_<std::allocator<void> > >[m[Kâ€™} has no member named â€˜[01m[Kranges[m[Kâ€™
[6.556s]    49 |         int length = sizeof(scan_msg.[01;31m[Kranges[m[K)/sizeof(scan_msg.ranges[0]);
[6.556s]       |                                      [01;31m[K^~~~~~[m[K
[6.556s] [01m[K/home/judson35/f1_tenth/sim_ws/src/safety_node/src/safety_node.cpp:49:62:[m[K [01;31m[Kerror: [m[Kâ€˜[01m[Kconst ConstSharedPtr[m[Kâ€™ {aka â€˜[01m[Kconst class std::shared_ptr<const sensor_msgs::msg::LaserScan_<std::allocator<void> > >[m[Kâ€™} has no member named â€˜[01m[Kranges[m[Kâ€™
[6.557s]    49 |         int length = sizeof(scan_msg.ranges)/sizeof(scan_msg.[01;31m[Kranges[m[K[0]);
[6.557s]       |                                                              [01;31m[K^~~~~~[m[K
[6.557s] [01m[K/home/judson35/f1_tenth/sim_ws/src/safety_node/src/safety_node.cpp:52:54:[m[K [01;31m[Kerror: [m[Kâ€˜[01m[Kconst ConstSharedPtr[m[Kâ€™ {aka â€˜[01m[Kconst class std::shared_ptr<const sensor_msgs::msg::LaserScan_<std::allocator<void> > >[m[Kâ€™} has no member named â€˜[01m[Kangle_min[m[Kâ€™
[6.557s]    52 |             float r_dot = this->speed * cos(scan_msg.[01;31m[Kangle_min[m[K + i*scan_msg.angle_increment);
[6.558s]       |                                                      [01;31m[K^~~~~~~~~[m[K
[6.558s] [01m[K/home/judson35/f1_tenth/sim_ws/src/safety_node/src/safety_node.cpp:52:77:[m[K [01;31m[Kerror: [m[Kâ€˜[01m[Kconst ConstSharedPtr[m[Kâ€™ {aka â€˜[01m[Kconst class std::shared_ptr<const sensor_msgs::msg::LaserScan_<std::allocator<void> > >[m[Kâ€™} has no member named â€˜[01m[Kangle_increment[m[Kâ€™
[6.558s]    52 | oat r_dot = this->speed * cos(scan_msg.angle_min + i*scan_msg.[01;31m[Kangle_increment[m[K);
[6.559s]       |                                                               [01;31m[K^~~~~~~~~~~~~~~[m[K
[6.559s] 
[6.559s] [01m[K/home/judson35/f1_tenth/sim_ws/src/safety_node/src/safety_node.cpp:53:29:[m[K [01;31m[Kerror: [m[Kâ€˜[01m[Kr[m[Kâ€™ was not declared in this scope
[6.559s]    53 |             iTTC = std::min([01;31m[Kr[m[K / std::max(r_dot, 0), iTTC);
[6.559s]       |                             [01;31m[K^[m[K
[6.559s] [01m[K/home/judson35/f1_tenth/sim_ws/src/safety_node/src/safety_node.cpp:53:50:[m[K [01;31m[Kerror: [m[Kno matching function for call to â€˜[01m[Kmax(float&, int)[m[Kâ€™
[6.560s]    53 |             iTTC = std::min(r / std::max(r_dot, 0[01;31m[K)[m[K, iTTC);
[6.560s]       |                                                  [01;31m[K^[m[K
[6.560s] In file included from [01m[K/usr/include/c++/9/memory:62[m[K,
[6.560s]                  from [01m[K/opt/ros/foxy/include/rclcpp/rclcpp.hpp:144[m[K,
[6.560s]                  from [01m[K/home/judson35/f1_tenth/sim_ws/src/safety_node/src/safety_node.cpp:1[m[K:
[6.561s] [01m[K/usr/include/c++/9/bits/stl_algobase.h:222:5:[m[K [01;36m[Knote: [m[Kcandidate: â€˜[01m[Ktemplate<class _Tp> constexpr const _Tp& std::max(const _Tp&, const _Tp&)[m[Kâ€™
[6.561s]   222 |     [01;36m[Kmax[m[K(const _Tp& __a, const _Tp& __b)
[6.561s]       |     [01;36m[K^~~[m[K
[6.561s] [01m[K/usr/include/c++/9/bits/stl_algobase.h:222:5:[m[K [01;36m[Knote: [m[K  template argument deduction/substitution failed:
[6.561s] [01m[K/home/judson35/f1_tenth/sim_ws/src/safety_node/src/safety_node.cpp:53:50:[m[K [01;36m[Knote: [m[K  deduced conflicting types for parameter â€˜[01m[Kconst _Tp[m[Kâ€™ (â€˜[01m[Kfloat[m[Kâ€™ and â€˜[01m[Kint[m[Kâ€™)
[6.561s]    53 |             iTTC = std::min(r / std::max(r_dot, 0[01;36m[K)[m[K, iTTC);
[6.562s]       |                                                  [01;36m[K^[m[K
[6.562s] In file included from [01m[K/usr/include/c++/9/memory:62[m[K,
[6.562s]                  from [01m[K/opt/ros/foxy/include/rclcpp/rclcpp.hpp:144[m[K,
[6.562s]                  from [01m[K/home/judson35/f1_tenth/sim_ws/src/safety_node/src/safety_node.cpp:1[m[K:
[6.562s] [01m[K/usr/include/c++/9/bits/stl_algobase.h:268:5:[m[K [01;36m[Knote: [m[Kcandidate: â€˜[01m[Ktemplate<class _Tp, class _Compare> constexpr const _Tp& std::max(const _Tp&, const _Tp&, _Compare)[m[Kâ€™
[6.563s]   268 |     [01;36m[Kmax[m[K(const _Tp& __a, const _Tp& __b, _Compare __comp)
[6.563s]       |     [01;36m[K^~~[m[K
[6.563s] [01m[K/usr/include/c++/9/bits/stl_algobase.h:268:5:[m[K [01;36m[Knote: [m[K  template argument deduction/substitution failed:
[6.563s] [01m[K/home/judson35/f1_tenth/sim_ws/src/safety_node/src/safety_node.cpp:53:50:[m[K [01;36m[Knote: [m[K  deduced conflicting types for parameter â€˜[01m[Kconst _Tp[m[Kâ€™ (â€˜[01m[Kfloat[m[Kâ€™ and â€˜[01m[Kint[m[Kâ€™)
[6.563s]    53 |             iTTC = std::min(r / std::max(r_dot, 0[01;36m[K)[m[K, iTTC);
[6.563s]       |                                                  [01;36m[K^[m[K
[6.564s] In file included from [01m[K/usr/include/c++/9/algorithm:62[m[K,
[6.564s]                  from [01m[K/opt/ros/foxy/include/rclcpp/executor.hpp:18[m[K,
[6.564s]                  from [01m[K/opt/ros/foxy/include/rclcpp/executors/multi_threaded_executor.hpp:26[m[K,
[6.564s]                  from [01m[K/opt/ros/foxy/include/rclcpp/executors.hpp:21[m[K,
[6.564s]                  from [01m[K/opt/ros/foxy/include/rclcpp/rclcpp.hpp:146[m[K,
[6.565s]                  from [01m[K/home/judson35/f1_tenth/sim_ws/src/safety_node/src/safety_node.cpp:1[m[K:
[6.565s] [01m[K/usr/include/c++/9/bits/stl_algo.h:3462:5:[m[K [01;36m[Knote: [m[Kcandidate: â€˜[01m[Ktemplate<class _Tp> constexpr _Tp std::max(std::initializer_list<_Tp>)[m[Kâ€™
[6.565s]  3462 |     [01;36m[Kmax[m[K(initializer_list<_Tp> __l)
[6.565s]       |     [01;36m[K^~~[m[K
[6.565s] [01m[K/usr/include/c++/9/bits/stl_algo.h:3462:5:[m[K [01;36m[Knote: [m[K  template argument deduction/substitution failed:
[6.565s] [01m[K/home/judson35/f1_tenth/sim_ws/src/safety_node/src/safety_node.cpp:53:50:[m[K [01;36m[Knote: [m[K  mismatched types â€˜[01m[Kstd::initializer_list<_Tp>[m[Kâ€™ and â€˜[01m[Kfloat[m[Kâ€™
[6.566s]    53 |             iTTC = std::min(r / std::max(r_dot, 0[01;36m[K)[m[K, iTTC);
[6.566s]       |                                                  [01;36m[K^[m[K
[6.566s] In file included from [01m[K/usr/include/c++/9/algorithm:62[m[K,
[6.566s]                  from [01m[K/opt/ros/foxy/include/rclcpp/executor.hpp:18[m[K,
[6.566s]                  from [01m[K/opt/ros/foxy/include/rclcpp/executors/multi_threaded_executor.hpp:26[m[K,
[6.567s]                  from [01m[K/opt/ros/foxy/include/rclcpp/executors.hpp:21[m[K,
[6.567s]                  from [01m[K/opt/ros/foxy/include/rclcpp/rclcpp.hpp:146[m[K,
[6.567s]                  from [01m[K/home/judson35/f1_tenth/sim_ws/src/safety_node/src/safety_node.cpp:1[m[K:
[6.567s] [01m[K/usr/include/c++/9/bits/stl_algo.h:3468:5:[m[K [01;36m[Knote: [m[Kcandidate: â€˜[01m[Ktemplate<class _Tp, class _Compare> constexpr _Tp std::max(std::initializer_list<_Tp>, _Compare)[m[Kâ€™
[6.567s]  3468 |     [01;36m[Kmax[m[K(initializer_list<_Tp> __l, _Compare __comp)
[6.567s]       |     [01;36m[K^~~[m[K
[6.568s] [01m[K/usr/include/c++/9/bits/stl_algo.h:3468:5:[m[K [01;36m[Knote: [m[K  template argument deduction/substitution failed:
[6.568s] [01m[K/home/judson35/f1_tenth/sim_ws/src/safety_node/src/safety_node.cpp:53:50:[m[K [01;36m[Knote: [m[K  mismatched types â€˜[01m[Kstd::initializer_list<_Tp>[m[Kâ€™ and â€˜[01m[Kfloat[m[Kâ€™
[6.568s]    53 |             iTTC = std::min(r / std::max(r_dot, 0[01;36m[K)[m[K, iTTC);
[6.568s]       |                                                  [01;36m[K^[m[K
[6.569s] [01m[K/home/judson35/f1_tenth/sim_ws/src/safety_node/src/safety_node.cpp:59:46:[m[K [01;31m[Kerror: [m[Kno matching function for call to â€˜[01m[Krclcpp::Publisher<sensor_msgs::msg::LaserScan_<std::allocator<void> > >::publish(ackermann_msgs::msg::AckermannDriveStamped_<std::allocator<void> >&)[m[Kâ€™
[6.570s]    59 |             this->publisher_->publish(message[01;31m[K)[m[K;
[6.570s]       |                                              [01;31m[K^[m[K
[6.570s] In file included from [01m[K/opt/ros/foxy/include/rclcpp/topic_statistics/subscription_topic_statistics.hpp:31[m[K,
[6.570s]                  from [01m[K/opt/ros/foxy/include/rclcpp/subscription.hpp:50[m[K,
[6.571s]                  from [01m[K/opt/ros/foxy/include/rclcpp/any_executable.hpp:25[m[K,
[6.571s]                  from [01m[K/opt/ros/foxy/include/rclcpp/memory_strategy.hpp:24[m[K,
[6.571s]                  from [01m[K/opt/ros/foxy/include/rclcpp/memory_strategies.hpp:18[m[K,
[6.571s]                  from [01m[K/opt/ros/foxy/include/rclcpp/executor_options.hpp:20[m[K,
[6.571s]                  from [01m[K/opt/ros/foxy/include/rclcpp/executor.hpp:33[m[K,
[6.571s]                  from [01m[K/opt/ros/foxy/include/rclcpp/executors/multi_threaded_executor.hpp:26[m[K,
[6.572s]                  from [01m[K/opt/ros/foxy/include/rclcpp/executors.hpp:21[m[K,
[6.572s]                  from [01m[K/opt/ros/foxy/include/rclcpp/rclcpp.hpp:146[m[K,
[6.572s]                  from [01m[K/home/judson35/f1_tenth/sim_ws/src/safety_node/src/safety_node.cpp:1[m[K:
[6.572s] [01m[K/opt/ros/foxy/include/rclcpp/publisher.hpp:185:3:[m[K [01;36m[Knote: [m[Kcandidate: â€˜[01m[Kvoid rclcpp::Publisher<MessageT, AllocatorT>::publish(std::unique_ptr<MessageT, typename std::conditional<std::is_same<typename std::allocator_traits<typename std::allocator_traits<_Alloc>::rebind_traits<MessageT>::allocator_type>::rebind_alloc<MessageT>, typename std::allocator<void>::rebind<_Tp1>::other>::value, std::default_delete<_Tp>, rclcpp::allocator::AllocatorDeleter<typename std::allocator_traits<_Alloc>::rebind_traits<MessageT>::allocator_type> >::type>) [with MessageT = sensor_msgs::msg::LaserScan_<std::allocator<void> >; AllocatorT = std::allocator<void>; typename std::conditional<std::is_same<typename std::allocator_traits<typename std::allocator_traits<_Alloc>::rebind_traits<MessageT>::allocator_type>::rebind_alloc<MessageT>, typename std::allocator<void>::rebind<_Tp1>::other>::value, std::default_delete<_Tp>, rclcpp::allocator::AllocatorDeleter<typename std::allocator_traits<_Alloc>::rebind_traits<MessageT>::allocator_type> >::type = std::default_delete<sensor_msgs::msg::LaserScan_<std::allocator<void> > >][m[Kâ€™
[6.572s]   185 |   [01;36m[Kpublish[m[K(std::unique_ptr<MessageT, MessageDeleter> msg)
[6.573s]       |   [01;36m[K^~~~~~~[m[K
[6.573s] [01m[K/opt/ros/foxy/include/rclcpp/publisher.hpp:185:53:[m[K [01;36m[Knote: [m[K  no known conversion for argument 1 from â€˜[01m[Kackermann_msgs::msg::AckermannDriveStamped_<std::allocator<void> >[m[Kâ€™ to â€˜[01m[Kstd::unique_ptr<sensor_msgs::msg::LaserScan_<std::allocator<void> >, std::default_delete<sensor_msgs::msg::LaserScan_<std::allocator<void> > > >[m[Kâ€™
[6.573s]   185 |   publish([01;36m[Kstd::unique_ptr<MessageT, MessageDeleter> msg[m[K)
[6.573s]       |           [01;36m[K~~~~~~~~~~~~~~~~~~~~~~~~~~~~~~~~~~~~~~~~~~^~~[m[K
[6.573s] [01m[K/opt/ros/foxy/include/rclcpp/publisher.hpp:209:3:[m[K [01;36m[Knote: [m[Kcandidate: â€˜[01m[Kvoid rclcpp::Publisher<MessageT, AllocatorT>::publish(const MessageT&) [with MessageT = sensor_msgs::msg::LaserScan_<std::allocator<void> >; AllocatorT = std::allocator<void>][m[Kâ€™
[6.573s]   209 |   [01;36m[Kpublish[m[K(const MessageT & msg)
[6.574s]       |   [01;36m[K^~~~~~~[m[K
[6.574s] [01m[K/opt/ros/foxy/include/rclcpp/publisher.hpp:209:28:[m[K [01;36m[Knote: [m[K  no known conversion for argument 1 from â€˜[01m[Kackermann_msgs::msg::AckermannDriveStamped_<std::allocator<void> >[m[Kâ€™ to â€˜[01m[Kconst sensor_msgs::msg::LaserScan_<std::allocator<void> >&[m[Kâ€™
[6.574s]   209 |   publish([01;36m[Kconst MessageT & msg[m[K)
[6.574s]       |           [01;36m[K~~~~~~~~~~~~~~~~~^~~[m[K
[6.574s] [01m[K/opt/ros/foxy/include/rclcpp/publisher.hpp:226:3:[m[K [01;36m[Knote: [m[Kcandidate: â€˜[01m[Kvoid rclcpp::Publisher<MessageT, AllocatorT>::publish(const rcl_serialized_message_t&) [with MessageT = sensor_msgs::msg::LaserScan_<std::allocator<void> >; AllocatorT = std::allocator<void>; rcl_serialized_message_t = rcutils_uint8_array_t][m[Kâ€™
[6.575s]   226 |   [01;36m[Kpublish[m[K(const rcl_serialized_message_t & serialized_msg)
[6.575s]       |   [01;36m[K^~~~~~~[m[K
[6.575s] [01m[K/opt/ros/foxy/include/rclcpp/publisher.hpp:226:44:[m[K [01;36m[Knote: [m[K  no known conversion for argument 1 from â€˜[01m[Kackermann_msgs::msg::AckermannDriveStamped_<std::allocator<void> >[m[Kâ€™ to â€˜[01m[Kconst rcl_serialized_message_t&[m[Kâ€™ {aka â€˜[01m[Kconst rcutils_uint8_array_t&[m[Kâ€™}
[6.575s]   226 |   publish([01;36m[Kconst rcl_serialized_message_t & serialized_msg[m[K)
[6.575s]       |           [01;36m[K~~~~~~~~~~~~~~~~~~~~~~~~~~~~~~~~~^~~~~~~~~~~~~~[m[K
[6.575s] [01m[K/opt/ros/foxy/include/rclcpp/publisher.hpp:232:3:[m[K [01;36m[Knote: [m[Kcandidate: â€˜[01m[Kvoid rclcpp::Publisher<MessageT, AllocatorT>::publish(const rclcpp::SerializedMessage&) [with MessageT = sensor_msgs::msg::LaserScan_<std::allocator<void> >; AllocatorT = std::allocator<void>][m[Kâ€™
[6.576s]   232 |   [01;36m[Kpublish[m[K(const SerializedMessage & serialized_msg)
[6.576s]       |   [01;36m[K^~~~~~~[m[K
[6.576s] [01m[K/opt/ros/foxy/include/rclcpp/publisher.hpp:232:37:[m[K [01;36m[Knote: [m[K  no known conversion for argument 1 from â€˜[01m[Kackermann_msgs::msg::AckermannDriveStamped_<std::allocator<void> >[m[Kâ€™ to â€˜[01m[Kconst rclcpp::SerializedMessage&[m[Kâ€™
[6.576s]   232 |   publish([01;36m[Kconst SerializedMessage & serialized_msg[m[K)
[6.576s]       |           [01;36m[K~~~~~~~~~~~~~~~~~~~~~~~~~~^~~~~~~~~~~~~~[m[K
[6.577s] [01m[K/opt/ros/foxy/include/rclcpp/publisher.hpp:246:3:[m[K [01;36m[Knote: [m[Kcandidate: â€˜[01m[Kvoid rclcpp::Publisher<MessageT, AllocatorT>::publish(rclcpp::LoanedMessage<MessageT, AllocatorT>&&) [with MessageT = sensor_msgs::msg::LaserScan_<std::allocator<void> >; AllocatorT = std::allocator<void>][m[Kâ€™
[6.577s]   246 |   [01;36m[Kpublish[m[K(rclcpp::LoanedMessage<MessageT, AllocatorT> && loaned_msg)
[6.577s]       |   [01;36m[K^~~~~~~[m[K
[6.577s] [01m[K/opt/ros/foxy/include/rclcpp/publisher.hpp:246:58:[m[K [01;36m[Knote: [m[K  no known conversion for argument 1 from â€˜[01m[Kackermann_msgs::msg::AckermannDriveStamped_<std::allocator<void> >[m[Kâ€™ to â€˜[01m[Krclcpp::LoanedMessage<sensor_msgs::msg::LaserScan_<std::allocator<void> >, std::allocator<void> >&&[m[Kâ€™
[6.577s]   246 |   publish([01;36m[Krclcpp::LoanedMessage<MessageT, AllocatorT> && loaned_msg[m[K)
[6.577s]       |           [01;36m[K~~~~~~~~~~~~~~~~~~~~~~~~~~~~~~~~~~~~~~~~~~~~~~~^~~~~~~~~~[m[K
[6.578s] [01m[K/home/judson35/f1_tenth/sim_ws/src/safety_node/src/safety_node.cpp:48:15:[m[K [01;35m[Kwarning: [m[Kunused variable â€˜[01m[Krange[m[Kâ€™ [[01;35m[K-Wunused-variable[m[K]
[6.578s]    48 |         float [01;35m[Krange[m[K = scan_msg.angle_max - scan_msg.angle_min;
[6.578s]       |               [01;35m[K^~~~~[m[K
[9.820s] make[2]: *** [CMakeFiles/safety_node.dir/build.make:63: CMakeFiles/safety_node.dir/src/safety_node.cpp.o] Error 1
[9.820s] make[1]: *** [CMakeFiles/Makefile2:78: CMakeFiles/safety_node.dir/all] Error 2
[9.821s] make: *** [Makefile:141: all] Error 2
[9.826s] Invoked command in '/home/judson35/f1_tenth/sim_ws/build/safety_node' returned '2': CMAKE_PREFIX_PATH=/opt/ros/foxy /usr/bin/cmake --build /home/judson35/f1_tenth/sim_ws/build/safety_node -- -j8 -l8
