[0.544s] Invoking command in '/home/judson35/f1_tenth/sim_ws/build/wall_follow': CMAKE_PREFIX_PATH=/opt/ros/foxy /usr/bin/cmake --build /home/judson35/f1_tenth/sim_ws/build/wall_follow -- -j8 -l8
[0.612s] [35m[1mScanning dependencies of target wall_follow_node[0m
[0.666s] [ 50%] [32mBuilding CXX object CMakeFiles/wall_follow_node.dir/src/wall_follow_node.cpp.o[0m
[3.208s] [01m[K/home/judson35/f1_tenth/sim_ws/src/wall_follow/src/wall_follow_node.cpp:45:5:[m[K [01;31m[Kerror: [m[Kâ€˜[01m[KRCLCPP[m[Kâ€™ does not name a type
[3.208s]    45 |     [01;31m[KRCLCPP[m[K::Publisher<ackermann_msgs::msg::AckermannDriveStamped>SharedPtr drive_publisher_;
[3.208s]       |     [01;31m[K^~~~~~[m[K
[3.210s] [01m[K/home/judson35/f1_tenth/sim_ws/src/wall_follow/src/wall_follow_node.cpp:46:5:[m[K [01;31m[Kerror: [m[Kâ€˜[01m[KRCLCPP[m[Kâ€™ does not name a type
[3.210s]    46 |     [01;31m[KRCLCPP[m[K::Subscription<sensor_msgs::msgs::LaserScan>SharedPtr scan_subscriber_;
[3.211s]       |     [01;31m[K^~~~~~[m[K
[3.215s] [01m[K/home/judson35/f1_tenth/sim_ws/src/wall_follow/src/wall_follow_node.cpp:[m[K In constructor â€˜[01m[KWallFollow::WallFollow()[m[Kâ€™:
[3.215s] [01m[K/home/judson35/f1_tenth/sim_ws/src/wall_follow/src/wall_follow_node.cpp:13:9:[m[K [01;31m[Kerror: [m[Kâ€˜[01m[Kdrive_publisher_[m[Kâ€™ was not declared in this scope; did you mean â€˜[01m[Kcreate_publisher[m[Kâ€™?
[3.215s]    13 |         [01;31m[Kdrive_publisher_[m[K = this->create_publisher<ackermann_msgs::msg::AckermannDriveStamped>(drive_topic, 1);
[3.216s]       |         [01;31m[K^~~~~~~~~~~~~~~~[m[K
[3.216s]       |         [32m[Kcreate_publisher[m[K
[3.226s] [01m[K/home/judson35/f1_tenth/sim_ws/src/wall_follow/src/wall_follow_node.cpp:15:9:[m[K [01;31m[Kerror: [m[Kâ€˜[01m[Kscan_subscriber_[m[Kâ€™ was not declared in this scope; did you mean â€˜[01m[Kcount_subscribers[m[Kâ€™?
[3.227s]    15 |         [01;31m[Kscan_subscriber_[m[K = this->create_subscription<sensor_msgs::msg::LaserScan>(lidarscan_topic, 1, std::bind(&WallFollow::scan_callback, this, _1));
[3.227s]       |         [01;31m[K^~~~~~~~~~~~~~~~[m[K
[3.227s]       |         [32m[Kcount_subscribers[m[K
[3.228s] [01m[K/home/judson35/f1_tenth/sim_ws/src/wall_follow/src/wall_follow_node.cpp:15:147:[m[K [01;31m[Kerror: [m[Kâ€˜[01m[K_1[m[Kâ€™ was not declared in this scope; did you mean â€˜[01m[Kstd::placeholders::_1[m[Kâ€™?
[3.228s]    15 |         scan_subscriber_ = this->create_subscription<sensor_msgs::msg::LaserScan>(lidarscan_topic, 1, std::bind(&WallFollow::scan_callback, this, [01;31m[K_1[m[K));
[3.228s]       |                                                                                                                                                   [01;31m[K^~[m[K
[3.228s]       |                                                                                                                                                   [32m[Kstd::placeholders::_1[m[K
[3.228s] In file included from [01m[K/opt/ros/foxy/include/rclcpp/context.hpp:19[m[K,
[3.229s]                  from [01m[K/opt/ros/foxy/include/rclcpp/contexts/default_context.hpp:18[m[K,
[3.229s]                  from [01m[K/opt/ros/foxy/include/rclcpp/executor.hpp:32[m[K,
[3.229s]                  from [01m[K/opt/ros/foxy/include/rclcpp/executors/multi_threaded_executor.hpp:26[m[K,
[3.229s]                  from [01m[K/opt/ros/foxy/include/rclcpp/executors.hpp:21[m[K,
[3.229s]                  from [01m[K/opt/ros/foxy/include/rclcpp/rclcpp.hpp:146[m[K,
[3.230s]                  from [01m[K/home/judson35/f1_tenth/sim_ws/src/wall_follow/src/wall_follow_node.cpp:1[m[K:
[3.230s] [01m[K/usr/include/c++/9/functional:211:34:[m[K [01;36m[Knote: [m[Kâ€˜[01m[Kstd::placeholders::_1[m[Kâ€™ declared here
[3.230s]   211 |     extern const _Placeholder<1> [01;36m[K_1[m[K;
[3.230s]       |                                  [01;36m[K^~[m[K
[3.230s] [01m[K/home/judson35/f1_tenth/sim_ws/src/wall_follow/src/wall_follow_node.cpp:17:9:[m[K [01;31m[Kerror: [m[Kâ€˜[01m[Ktimer_[m[Kâ€™ was not declared in this scope; did you mean â€˜[01m[Ktimer_t[m[Kâ€™?
[3.231s]    17 |         [01;31m[Ktimer_[m[K = this->create_wall_timer(1ms, std::bind(&MinimalParam::timer_callback, this));
[3.231s]       |         [01;31m[K^~~~~~[m[K
[3.231s]       |         [32m[Ktimer_t[m[K
[3.231s] [01m[K/home/judson35/f1_tenth/sim_ws/src/wall_follow/src/wall_follow_node.cpp:17:42:[m[K [01;31m[Kerror: [m[Kunable to find numeric literal operator â€˜[01m[Koperator""ms[m[Kâ€™
[3.231s]    17 |         timer_ = this->create_wall_timer([01;31m[K1ms[m[K, std::bind(&MinimalParam::timer_callback, this));
[3.231s]       |                                          [01;31m[K^~~[m[K
[3.232s] [01m[K/home/judson35/f1_tenth/sim_ws/src/wall_follow/src/wall_follow_node.cpp:17:58:[m[K [01;31m[Kerror: [m[Kâ€˜[01m[KMinimalParam[m[Kâ€™ has not been declared
[3.232s]    17 |         timer_ = this->create_wall_timer(1ms, std::bind(&[01;31m[KMinimalParam[m[K::timer_callback, this));
[3.232s]       |                                                          [01;31m[K^~~~~~~~~~~~[m[K
[3.234s] In file included from [01m[K/opt/ros/foxy/include/rclcpp/client.hpp:40[m[K,
[3.235s]                  from [01m[K/opt/ros/foxy/include/rclcpp/callback_group.hpp:23[m[K,
[3.235s]                  from [01m[K/opt/ros/foxy/include/rclcpp/any_executable.hpp:20[m[K,
[3.235s]                  from [01m[K/opt/ros/foxy/include/rclcpp/memory_strategy.hpp:24[m[K,
[3.235s]                  from [01m[K/opt/ros/foxy/include/rclcpp/memory_strategies.hpp:18[m[K,
[3.235s]                  from [01m[K/opt/ros/foxy/include/rclcpp/executor_options.hpp:20[m[K,
[3.236s]                  from [01m[K/opt/ros/foxy/include/rclcpp/executor.hpp:33[m[K,
[3.236s]                  from [01m[K/opt/ros/foxy/include/rclcpp/executors/multi_threaded_executor.hpp:26[m[K,
[3.236s]                  from [01m[K/opt/ros/foxy/include/rclcpp/executors.hpp:21[m[K,
[3.236s]                  from [01m[K/opt/ros/foxy/include/rclcpp/rclcpp.hpp:146[m[K,
[3.236s]                  from [01m[K/home/judson35/f1_tenth/sim_ws/src/wall_follow/src/wall_follow_node.cpp:1[m[K:
[3.237s] [01m[K/home/judson35/f1_tenth/sim_ws/src/wall_follow/src/wall_follow_node.cpp:[m[K In member function â€˜[01m[Kdouble WallFollow::get_range(float*, double)[m[Kâ€™:
[3.237s] [01m[K/home/judson35/f1_tenth/sim_ws/src/wall_follow/src/wall_follow_node.cpp:60:54:[m[K [01;31m[Kerror: [m[Kâ€˜[01m[Kangle_range[m[Kâ€™ was not declared in this scope; did you mean â€˜[01m[Kget_range[m[Kâ€™?
[3.237s]    60 |         RCLCPP_INFO(this->get_logger(), "%i", (int)(([01;31m[Kangle_range[m[K - angle) / angle_range));
[3.237s]       |                                                      [01;31m[K^~~~~~~~~~~[m[K
[3.239s] [01m[K/home/judson35/f1_tenth/sim_ws/src/wall_follow/src/wall_follow_node.cpp:61:34:[m[K [01;31m[Kerror: [m[Kâ€˜[01m[Kangle_range[m[Kâ€™ was not declared in this scope; did you mean â€˜[01m[Kget_range[m[Kâ€™?
[3.239s]    61 |         return range_data[(int)(([01;31m[Kangle_range[m[K - angle) / angle_range)];
[3.239s]       |                                  [01;31m[K^~~~~~~~~~~[m[K
[3.239s]       |                                  [32m[Kget_range[m[K
[3.243s] [01m[K/home/judson35/f1_tenth/sim_ws/src/wall_follow/src/wall_follow_node.cpp:[m[K In member function â€˜[01m[Kvoid WallFollow::pid_control(double, double)[m[Kâ€™:
[3.244s] [01m[K/home/judson35/f1_tenth/sim_ws/src/wall_follow/src/wall_follow_node.cpp:99:9:[m[K [01;31m[Kerror: [m[Kâ€˜[01m[Kderivative[m[Kâ€™ was not declared in this scope
[3.244s]    99 |         [01;31m[Kderivative[m[K = kd * (error - prev_error) / dt;
[3.244s]       |         [01;31m[K^~~~~~~~~~[m[K
[3.250s] [01m[K/home/judson35/f1_tenth/sim_ws/src/wall_follow/src/wall_follow_node.cpp:101:9:[m[K [01;31m[Kerror: [m[Kâ€˜[01m[Ksteering_angle[m[Kâ€™ was not declared in this scope
[3.250s]   101 |         [01;31m[Ksteering_angle[m[K = (kp * error) + integral + derivative;
[3.250s]       |         [01;31m[K^~~~~~~~~~~~~~[m[K
[3.253s] [01m[K/home/judson35/f1_tenth/sim_ws/src/wall_follow/src/wall_follow_node.cpp:105:9:[m[K [01;31m[Kerror: [m[Kâ€˜[01m[Kdrive[m[Kâ€™ was not declared in this scope
[3.253s]   105 |         [01;31m[Kdrive[m[K.drive.speed = speed_gain / abs(steering_angle);
[3.253s]       |         [01;31m[K^~~~~[m[K
[3.258s] [01m[K/home/judson35/f1_tenth/sim_ws/src/wall_follow/src/wall_follow_node.cpp:107:9:[m[K [01;31m[Kerror: [m[Kâ€˜[01m[Kdrive_publisher_[m[Kâ€™ was not declared in this scope; did you mean â€˜[01m[Kcreate_publisher[m[Kâ€™?
[3.259s]   107 |         [01;31m[Kdrive_publisher_[m[K->publish(drive_msg);
[3.259s]       |         [01;31m[K^~~~~~~~~~~~~~~~[m[K
[3.259s]       |         [32m[Kcreate_publisher[m[K
[3.259s] [01m[K/home/judson35/f1_tenth/sim_ws/src/wall_follow/src/wall_follow_node.cpp:96:16:[m[K [01;35m[Kwarning: [m[Kunused variable â€˜[01m[Kangle[m[Kâ€™ [[01;35m[K-Wunused-variable[m[K]
[3.259s]    96 |         double [01;35m[Kangle[m[K = 0.0;
[3.259s]       |                [01;35m[K^~~~~[m[K
[3.259s] [01m[K/home/judson35/f1_tenth/sim_ws/src/wall_follow/src/wall_follow_node.cpp:84:43:[m[K [01;35m[Kwarning: [m[Kunused parameter â€˜[01m[Kvelocity[m[Kâ€™ [[01;35m[K-Wunused-parameter[m[K]
[3.259s]    84 |     void pid_control(double error, [01;35m[Kdouble velocity[m[K)
[3.260s]       |                                    [01;35m[K~~~~~~~^~~~~~~~[m[K
[3.266s] [01m[K/home/judson35/f1_tenth/sim_ws/src/wall_follow/src/wall_follow_node.cpp:[m[K In member function â€˜[01m[Kvoid WallFollow::scan_callback(sensor_msgs::msg::LaserScan_<std::allocator<void> >::ConstSharedPtr)[m[Kâ€™:
[3.266s] [01m[K/home/judson35/f1_tenth/sim_ws/src/wall_follow/src/wall_follow_node.cpp:135:5:[m[K [01;31m[Kerror: [m[Kexpected â€˜[01m[K;[m[Kâ€™ before â€˜[01m[K}[m[Kâ€™ token
[3.266s]   135 |     [01;31m[K}[m[K
[3.267s]       |     [01;31m[K^[m[K
[4.354s] make[2]: *** [CMakeFiles/wall_follow_node.dir/build.make:63: CMakeFiles/wall_follow_node.dir/src/wall_follow_node.cpp.o] Error 1
[4.354s] make[1]: *** [CMakeFiles/Makefile2:78: CMakeFiles/wall_follow_node.dir/all] Error 2
[4.355s] make: *** [Makefile:141: all] Error 2
[4.358s] Invoked command in '/home/judson35/f1_tenth/sim_ws/build/wall_follow' returned '2': CMAKE_PREFIX_PATH=/opt/ros/foxy /usr/bin/cmake --build /home/judson35/f1_tenth/sim_ws/build/wall_follow -- -j8 -l8
