[35m[1mScanning dependencies of target safety_node[0m
[ 50%] [32mBuilding CXX object CMakeFiles/safety_node.dir/src/safety_node.cpp.o[0m
[01m[K/home/judson35/f1_tenth/sim_ws/src/safety_node/src/safety_node.cpp:[m[K In member function â€˜[01m[Kvoid Safety::scan_callback(sensor_msgs::msg::LaserScan_<std::allocator<void> >::ConstSharedPtr)[m[Kâ€™:
[01m[K/home/judson35/f1_tenth/sim_ws/src/safety_node/src/safety_node.cpp:48:23:[m[K [01;31m[Kerror: [m[Kâ€˜[01m[Kangle_max[m[Kâ€™ was not declared in this scope
   48 |         std::cout << ([01;31m[Kangle_max[m[K - angle_min) / angle_increment << std::endl;
      |                       [01;31m[K^~~~~~~~~[m[K
[01m[K/home/judson35/f1_tenth/sim_ws/src/safety_node/src/safety_node.cpp:48:35:[m[K [01;31m[Kerror: [m[Kâ€˜[01m[Kangle_min[m[Kâ€™ was not declared in this scope
   48 |         std::cout << (angle_max - [01;31m[Kangle_min[m[K) / angle_increment << std::endl;
      |                                   [01;31m[K^~~~~~~~~[m[K
[01m[K/home/judson35/f1_tenth/sim_ws/src/safety_node/src/safety_node.cpp:48:48:[m[K [01;31m[Kerror: [m[Kâ€˜[01m[Kangle_increment[m[Kâ€™ was not declared in this scope
   48 |         std::cout << (angle_max - angle_min) / [01;31m[Kangle_increment[m[K << std::endl;
      |                                                [01;31m[K^~~~~~~~~~~~~~~[m[K
make[2]: *** [CMakeFiles/safety_node.dir/build.make:63: CMakeFiles/safety_node.dir/src/safety_node.cpp.o] Error 1
make[1]: *** [CMakeFiles/Makefile2:78: CMakeFiles/safety_node.dir/all] Error 2
make: *** [Makefile:141: all] Error 2
