<?xml version="1.0" encoding="UTF-8"?>
<Site BuildName="(empty)"
	BuildStamp="20231026-0053-Experimental"
	Name="judson35-XPS-13-7390"
	Generator="ctest-3.16.3"
	CompilerName="/bin/c++"
	CompilerVersion="9.4.0"
	OSName="Linux"
	Hostname="judson35-XPS-13-7390"
	OSRelease="5.15.0-87-generic"
	OSVersion="#97~20.04.1-Ubuntu SMP Thu Oct 5 08:25:28 UTC 2023"
	OSPlatform="x86_64"
	Is64Bits="1"
	VendorString="GenuineIntel"
	VendorID="Intel Corporation"
	FamilyID="6"
	ModelID="142"
	ProcessorCacheSize="6144"
	NumberOfLogicalCPU="8"
	NumberOfPhysicalCPU="4"
	TotalVirtualMemory="2047"
	TotalPhysicalMemory="7629"
	LogicalProcessorsPerPhysical="2"
	ProcessorClockFrequency="2100"
	>
	<Testing>
		<StartDateTime>Oct 26 09:19 EDT</StartDateTime>
		<StartTestTime>1698326379</StartTestTime>
		<TestList/>
		<EndDateTime>Oct 26 09:19 EDT</EndDateTime>
		<EndTestTime>1698326379</EndTestTime>
		<ElapsedMinutes>0</ElapsedMinutes>
	</Testing>
</Site>
