[01m[K/home/judson35/f1_tenth/sim_ws/src/wall_follow/src/wall_follow_node.cpp:47:39:[m[K [01;31m[Kerror: [m[Kâ€˜[01m[Kmsgs[m[Kâ€™ is not a member of â€˜[01m[Ksensor_msgs[m[Kâ€™; did you mean â€˜[01m[Kmsg[m[Kâ€™?
   47 |     rclcpp::Subscription<sensor_msgs::[01;31m[Kmsgs[m[K::LaserScan>::SharedPtr scan_subscriber_;
      |                                       [01;31m[K^~~~[m[K
      |                                       [32m[Kmsg[m[K
[01m[K/home/judson35/f1_tenth/sim_ws/src/wall_follow/src/wall_follow_node.cpp:47:39:[m[K [01;31m[Kerror: [m[Kâ€˜[01m[Kmsgs[m[Kâ€™ is not a member of â€˜[01m[Ksensor_msgs[m[Kâ€™; did you mean â€˜[01m[Kmsg[m[Kâ€™?
   47 |     rclcpp::Subscription<sensor_msgs::[01;31m[Kmsgs[m[K::LaserScan>::SharedPtr scan_subscriber_;
      |                                       [01;31m[K^~~~[m[K
      |                                       [32m[Kmsg[m[K
[01m[K/home/judson35/f1_tenth/sim_ws/src/wall_follow/src/wall_follow_node.cpp:47:54:[m[K [01;31m[Kerror: [m[Ktemplate argument 1 is invalid
   47 |     rclcpp::Subscription<sensor_msgs::msgs::LaserScan[01;31m[K>[m[K::SharedPtr scan_subscriber_;
      |                                                      [01;31m[K^[m[K
[01m[K/home/judson35/f1_tenth/sim_ws/src/wall_follow/src/wall_follow_node.cpp:47:54:[m[K [01;31m[Kerror: [m[Ktemplate argument 3 is invalid
[01m[K/home/judson35/f1_tenth/sim_ws/src/wall_follow/src/wall_follow_node.cpp:47:57:[m[K [01;31m[Kerror: [m[Kexpected â€˜[01m[K;[m[Kâ€™ at end of member declaration
   47 |     rclcpp::Subscription<sensor_msgs::msgs::LaserScan>::[01;31m[KSharedPtr[m[K scan_subscriber_;
      |                                                         [01;31m[K^~~~~~~~~[m[K
      |                                                                  [32m[K;[m[K
[01m[K/home/judson35/f1_tenth/sim_ws/src/wall_follow/src/wall_follow_node.cpp:47:67:[m[K [01;31m[Kerror: [m[Kâ€˜[01m[Kscan_subscriber_[m[Kâ€™ does not name a type
   47 |     rclcpp::Subscription<sensor_msgs::msgs::LaserScan>::SharedPtr [01;31m[Kscan_subscriber_[m[K;
      |                                                                   [01;31m[K^~~~~~~~~~~~~~~~[m[K
[01m[K/home/judson35/f1_tenth/sim_ws/src/wall_follow/src/wall_follow_node.cpp:[m[K In constructor â€˜[01m[KWallFollow::WallFollow()[m[Kâ€™:
[01m[K/home/judson35/f1_tenth/sim_ws/src/wall_follow/src/wall_follow_node.cpp:15:9:[m[K [01;31m[Kerror: [m[Kâ€˜[01m[Kscan_subscriber_[m[Kâ€™ was not declared in this scope; did you mean â€˜[01m[Kcount_subscribers[m[Kâ€™?
   15 |         [01;31m[Kscan_subscriber_[m[K = this->create_subscription<sensor_msgs::msg::LaserScan>(lidarscan_topic, 1, std::bind(&WallFollow::scan_callback, this, _1));
      |         [01;31m[K^~~~~~~~~~~~~~~~[m[K
      |         [32m[Kcount_subscribers[m[K
[01m[K/home/judson35/f1_tenth/sim_ws/src/wall_follow/src/wall_follow_node.cpp:15:147:[m[K [01;31m[Kerror: [m[Kâ€˜[01m[K_1[m[Kâ€™ was not declared in this scope; did you mean â€˜[01m[Kstd::placeholders::_1[m[Kâ€™?
   15 |         scan_subscriber_ = this->create_subscription<sensor_msgs::msg::LaserScan>(lidarscan_topic, 1, std::bind(&WallFollow::scan_callback, this, [01;31m[K_1[m[K));
      |                                                                                                                                                   [01;31m[K^~[m[K
      |                                                                                                                                                   [32m[Kstd::placeholders::_1[m[K
In file included from [01m[K/opt/ros/foxy/include/rclcpp/context.hpp:19[m[K,
                 from [01m[K/opt/ros/foxy/include/rclcpp/contexts/default_context.hpp:18[m[K,
                 from [01m[K/opt/ros/foxy/include/rclcpp/executor.hpp:32[m[K,
                 from [01m[K/opt/ros/foxy/include/rclcpp/executors/multi_threaded_executor.hpp:26[m[K,
                 from [01m[K/opt/ros/foxy/include/rclcpp/executors.hpp:21[m[K,
                 from [01m[K/opt/ros/foxy/include/rclcpp/rclcpp.hpp:146[m[K,
                 from [01m[K/home/judson35/f1_tenth/sim_ws/src/wall_follow/src/wall_follow_node.cpp:1[m[K:
[01m[K/usr/include/c++/9/functional:211:34:[m[K [01;36m[Knote: [m[Kâ€˜[01m[Kstd::placeholders::_1[m[Kâ€™ declared here
  211 |     extern const _Placeholder<1> [01;36m[K_1[m[K;
      |                                  [01;36m[K^~[m[K
[01m[K/home/judson35/f1_tenth/sim_ws/src/wall_follow/src/wall_follow_node.cpp:17:42:[m[K [01;31m[Kerror: [m[Kunable to find numeric literal operator â€˜[01m[Koperator""ms[m[Kâ€™
   17 |         timer_ = this->create_wall_timer([01;31m[K1ms[m[K, std::bind(&MinimalParam::timer_callback, this));
      |                                          [01;31m[K^~~[m[K
[01m[K/home/judson35/f1_tenth/sim_ws/src/wall_follow/src/wall_follow_node.cpp:17:58:[m[K [01;31m[Kerror: [m[Kâ€˜[01m[KMinimalParam[m[Kâ€™ has not been declared
   17 |         timer_ = this->create_wall_timer(1ms, std::bind(&[01;31m[KMinimalParam[m[K::timer_callback, this));
      |                                                          [01;31m[K^~~~~~~~~~~~[m[K
[01m[K/home/judson35/f1_tenth/sim_ws/src/wall_follow/src/wall_follow_node.cpp:[m[K In member function â€˜[01m[Kvoid WallFollow::pid_control(double, double)[m[Kâ€™:
[01m[K/home/judson35/f1_tenth/sim_ws/src/wall_follow/src/wall_follow_node.cpp:101:9:[m[K [01;31m[Kerror: [m[Kâ€˜[01m[Kderivative[m[Kâ€™ was not declared in this scope
  101 |         [01;31m[Kderivative[m[K = kd * (error - prev_error) / dt;
      |         [01;31m[K^~~~~~~~~~[m[K
[01m[K/home/judson35/f1_tenth/sim_ws/src/wall_follow/src/wall_follow_node.cpp:103:9:[m[K [01;31m[Kerror: [m[Kâ€˜[01m[Ksteering_angle[m[Kâ€™ was not declared in this scope
  103 |         [01;31m[Ksteering_angle[m[K = (kp * error) + integral + derivative;
      |         [01;31m[K^~~~~~~~~~~~~~[m[K
[01m[K/home/judson35/f1_tenth/sim_ws/src/wall_follow/src/wall_follow_node.cpp:98:16:[m[K [01;35m[Kwarning: [m[Kunused variable â€˜[01m[Kangle[m[Kâ€™ [[01;35m[K-Wunused-variable[m[K]
   98 |         double [01;35m[Kangle[m[K = 0.0;
      |                [01;35m[K^~~~~[m[K
[01m[K/home/judson35/f1_tenth/sim_ws/src/wall_follow/src/wall_follow_node.cpp:86:43:[m[K [01;35m[Kwarning: [m[Kunused parameter â€˜[01m[Kvelocity[m[Kâ€™ [[01;35m[K-Wunused-parameter[m[K]
   86 |     void pid_control(double error, [01;35m[Kdouble velocity[m[K)
      |                                    [01;35m[K~~~~~~~^~~~~~~~[m[K
make[2]: *** [CMakeFiles/wall_follow_node.dir/build.make:63: CMakeFiles/wall_follow_node.dir/src/wall_follow_node.cpp.o] Error 1
make[1]: *** [CMakeFiles/Makefile2:78: CMakeFiles/wall_follow_node.dir/all] Error 2
make: *** [Makefile:141: all] Error 2
