[0.030s] Invoking command in '/home/judson35/f1_tenth/sim_ws/build/safety_node': CMAKE_PREFIX_PATH=${CMAKE_PREFIX_PATH}:/home/judson35/f1_tenth/sim_ws/install/f1tenth_gym_ros:/opt/ros/foxy /usr/bin/cmake --build /home/judson35/f1_tenth/sim_ws/build/safety_node -- -j8 -l8
[0.103s] [35m[1mScanning dependencies of target safety_node[0m
[0.162s] [ 50%] [32mBuilding CXX object CMakeFiles/safety_node.dir/src/safety_node.cpp.o[0m
[0.768s] make[2]: *** wait: No child processes.  Stop.
[0.769s] make[2]: *** Waiting for unfinished jobs....
[0.769s] make[2]: *** wait: No child processes.  Stop.
[0.769s] make[1]: *** [CMakeFiles/Makefile2:78: CMakeFiles/safety_node.dir/all] Error 2
[0.769s] make: *** [Makefile:141: all] Interrupt
[0.775s] Invoked command in '/home/judson35/f1_tenth/sim_ws/build/safety_node' returned '-2': CMAKE_PREFIX_PATH=${CMAKE_PREFIX_PATH}:/home/judson35/f1_tenth/sim_ws/install/f1tenth_gym_ros:/opt/ros/foxy /usr/bin/cmake --build /home/judson35/f1_tenth/sim_ws/build/safety_node -- -j8 -l8
