[0.538s] Invoking command in '/home/judson35/f1_tenth/sim_ws/build/wall_follow': CMAKE_PREFIX_PATH=/opt/ros/foxy /usr/bin/cmake --build /home/judson35/f1_tenth/sim_ws/build/wall_follow -- -j8 -l8
[0.606s] [35m[1mScanning dependencies of target wall_follow_node[0m
[0.657s] [ 50%] [32mBuilding CXX object CMakeFiles/wall_follow_node.dir/src/wall_follow_node.cpp.o[0m
[3.013s] [01m[K/home/judson35/f1_tenth/sim_ws/src/wall_follow/src/wall_follow_node.cpp:46:66:[m[K [01;31m[Kerror: [m[Kexpected â€˜[01m[K;[m[Kâ€™ at end of member declaration
[3.013s]    46 |     rclcpp::Publisher<ackermann_msgs::msg::AckermannDriveStamped>[01;31m[KSharedPtr[m[K drive_publisher_;
[3.013s]       |                                                                  [01;31m[K^~~~~~~~~[m[K
[3.013s]       |                                                                           [32m[K;[m[K
[3.017s] [01m[K/home/judson35/f1_tenth/sim_ws/src/wall_follow/src/wall_follow_node.cpp:46:76:[m[K [01;31m[Kerror: [m[Kâ€˜[01m[Kdrive_publisher_[m[Kâ€™ does not name a type; did you mean â€˜[01m[Krcl_publisher_t[m[Kâ€™?
[3.017s]    46 |     rclcpp::Publisher<ackermann_msgs::msg::AckermannDriveStamped>SharedPtr [01;31m[Kdrive_publisher_[m[K;
[3.017s]       |                                                                            [01;31m[K^~~~~~~~~~~~~~~~[m[K
[3.018s]       |                                                                            [32m[Krcl_publisher_t[m[K
[3.018s] [01m[K/home/judson35/f1_tenth/sim_ws/src/wall_follow/src/wall_follow_node.cpp:47:39:[m[K [01;31m[Kerror: [m[Kâ€˜[01m[Kmsgs[m[Kâ€™ is not a member of â€˜[01m[Ksensor_msgs[m[Kâ€™; did you mean â€˜[01m[Kmsg[m[Kâ€™?
[3.018s]    47 |     rclcpp::Subscription<sensor_msgs::[01;31m[Kmsgs[m[K::LaserScan>SharedPtr scan_subscriber_;
[3.018s]       |                                       [01;31m[K^~~~[m[K
[3.018s]       |                                       [32m[Kmsg[m[K
[3.019s] [01m[K/home/judson35/f1_tenth/sim_ws/src/wall_follow/src/wall_follow_node.cpp:47:39:[m[K [01;31m[Kerror: [m[Kâ€˜[01m[Kmsgs[m[Kâ€™ is not a member of â€˜[01m[Ksensor_msgs[m[Kâ€™; did you mean â€˜[01m[Kmsg[m[Kâ€™?
[3.019s]    47 |     rclcpp::Subscription<sensor_msgs::[01;31m[Kmsgs[m[K::LaserScan>SharedPtr scan_subscriber_;
[3.019s]       |                                       [01;31m[K^~~~[m[K
[3.019s]       |                                       [32m[Kmsg[m[K
[3.019s] [01m[K/home/judson35/f1_tenth/sim_ws/src/wall_follow/src/wall_follow_node.cpp:47:54:[m[K [01;31m[Kerror: [m[Ktemplate argument 1 is invalid
[3.020s]    47 |     rclcpp::Subscription<sensor_msgs::msgs::LaserScan[01;31m[K>[m[KSharedPtr scan_subscriber_;
[3.020s]       |                                                      [01;31m[K^[m[K
[3.020s] [01m[K/home/judson35/f1_tenth/sim_ws/src/wall_follow/src/wall_follow_node.cpp:47:54:[m[K [01;31m[Kerror: [m[Ktemplate argument 3 is invalid
[3.020s] [01m[K/home/judson35/f1_tenth/sim_ws/src/wall_follow/src/wall_follow_node.cpp:47:55:[m[K [01;31m[Kerror: [m[Kexpected â€˜[01m[K;[m[Kâ€™ at end of member declaration
[3.020s]    47 |     rclcpp::Subscription<sensor_msgs::msgs::LaserScan>[01;31m[KSharedPtr[m[K scan_subscriber_;
[3.020s]       |                                                       [01;31m[K^~~~~~~~~[m[K
[3.021s]       |                                                                [32m[K;[m[K
[3.021s] [01m[K/home/judson35/f1_tenth/sim_ws/src/wall_follow/src/wall_follow_node.cpp:47:55:[m[K [01;31m[Kerror: [m[Kredeclaration of â€˜[01m[Kint WallFollow::SharedPtr[m[Kâ€™
[3.021s] [01m[K/home/judson35/f1_tenth/sim_ws/src/wall_follow/src/wall_follow_node.cpp:46:66:[m[K [01;36m[Knote: [m[Kprevious declaration â€˜[01m[Krclcpp::Publisher<ackermann_msgs::msg::AckermannDriveStamped_<std::allocator<void> > > WallFollow::SharedPtr[m[Kâ€™
[3.021s]    46 |     rclcpp::Publisher<ackermann_msgs::msg::AckermannDriveStamped>[01;36m[KSharedPtr[m[K drive_publisher_;
[3.021s]       |                                                                  [01;36m[K^~~~~~~~~[m[K
[3.022s] [01m[K/home/judson35/f1_tenth/sim_ws/src/wall_follow/src/wall_follow_node.cpp:47:65:[m[K [01;31m[Kerror: [m[Kâ€˜[01m[Kscan_subscriber_[m[Kâ€™ does not name a type
[3.022s]    47 |     rclcpp::Subscription<sensor_msgs::msgs::LaserScan>SharedPtr [01;31m[Kscan_subscriber_[m[K;
[3.022s]       |                                                                 [01;31m[K^~~~~~~~~~~~~~~~[m[K
[3.026s] [01m[K/home/judson35/f1_tenth/sim_ws/src/wall_follow/src/wall_follow_node.cpp:[m[K In constructor â€˜[01m[KWallFollow::WallFollow()[m[Kâ€™:
[3.027s] [01m[K/home/judson35/f1_tenth/sim_ws/src/wall_follow/src/wall_follow_node.cpp:11:43:[m[K [01;31m[Kerror: [m[Kno matching function for call to â€˜[01m[Krclcpp::Publisher<ackermann_msgs::msg::AckermannDriveStamped_<std::allocator<void> > >::Publisher()[m[Kâ€™
[3.027s]    11 |     WallFollow() : Node("wall_follow_node"[01;31m[K)[m[K
[3.027s]       |                                           [01;31m[K^[m[K
[3.027s] In file included from [01m[K/opt/ros/foxy/include/rclcpp/topic_statistics/subscription_topic_statistics.hpp:31[m[K,
[3.027s]                  from [01m[K/opt/ros/foxy/include/rclcpp/subscription.hpp:50[m[K,
[3.027s]                  from [01m[K/opt/ros/foxy/include/rclcpp/any_executable.hpp:25[m[K,
[3.027s]                  from [01m[K/opt/ros/foxy/include/rclcpp/memory_strategy.hpp:24[m[K,
[3.028s]                  from [01m[K/opt/ros/foxy/include/rclcpp/memory_strategies.hpp:18[m[K,
[3.028s]                  from [01m[K/opt/ros/foxy/include/rclcpp/executor_options.hpp:20[m[K,
[3.028s]                  from [01m[K/opt/ros/foxy/include/rclcpp/executor.hpp:33[m[K,
[3.028s]                  from [01m[K/opt/ros/foxy/include/rclcpp/executors/multi_threaded_executor.hpp:26[m[K,
[3.028s]                  from [01m[K/opt/ros/foxy/include/rclcpp/executors.hpp:21[m[K,
[3.028s]                  from [01m[K/opt/ros/foxy/include/rclcpp/rclcpp.hpp:146[m[K,
[3.028s]                  from [01m[K/home/judson35/f1_tenth/sim_ws/src/wall_follow/src/wall_follow_node.cpp:1[m[K:
[3.028s] [01m[K/opt/ros/foxy/include/rclcpp/publisher.hpp:73:3:[m[K [01;36m[Knote: [m[Kcandidate: â€˜[01m[Krclcpp::Publisher<MessageT, AllocatorT>::Publisher(rclcpp::node_interfaces::NodeBaseInterface*, const string&, const rclcpp::QoS&, const rclcpp::PublisherOptionsWithAllocator<AllocatorT>&) [with MessageT = ackermann_msgs::msg::AckermannDriveStamped_<std::allocator<void> >; AllocatorT = std::allocator<void>; std::string = std::__cxx11::basic_string<char>][m[Kâ€™
[3.029s]    73 |   [01;36m[KPublisher[m[K(
[3.029s]       |   [01;36m[K^~~~~~~~~[m[K
[3.029s] [01m[K/opt/ros/foxy/include/rclcpp/publisher.hpp:73:3:[m[K [01;36m[Knote: [m[K  candidate expects 4 arguments, 0 provided
[3.029s] [01m[K/opt/ros/foxy/include/rclcpp/publisher.hpp:51:7:[m[K [01;36m[Knote: [m[Kcandidate: â€˜[01m[Krclcpp::Publisher<ackermann_msgs::msg::AckermannDriveStamped_<std::allocator<void> > >::Publisher(const rclcpp::Publisher<ackermann_msgs::msg::AckermannDriveStamped_<std::allocator<void> > >&)[m[Kâ€™
[3.029s]    51 | class [01;36m[KPublisher[m[K : public PublisherBase
[3.029s]       |       [01;36m[K^~~~~~~~~[m[K
[3.029s] [01m[K/opt/ros/foxy/include/rclcpp/publisher.hpp:51:7:[m[K [01;36m[Knote: [m[K  candidate expects 1 argument, 0 provided
[3.031s] [01m[K/home/judson35/f1_tenth/sim_ws/src/wall_follow/src/wall_follow_node.cpp:13:9:[m[K [01;31m[Kerror: [m[Kâ€˜[01m[Kdrive_publisher_[m[Kâ€™ was not declared in this scope; did you mean â€˜[01m[Kcreate_publisher[m[Kâ€™?
[3.031s]    13 |         [01;31m[Kdrive_publisher_[m[K = this->create_publisher<ackermann_msgs::msg::AckermannDriveStamped>(drive_topic, 1);
[3.031s]       |         [01;31m[K^~~~~~~~~~~~~~~~[m[K
[3.031s]       |         [32m[Kcreate_publisher[m[K
[3.041s] [01m[K/home/judson35/f1_tenth/sim_ws/src/wall_follow/src/wall_follow_node.cpp:15:9:[m[K [01;31m[Kerror: [m[Kâ€˜[01m[Kscan_subscriber_[m[Kâ€™ was not declared in this scope; did you mean â€˜[01m[Kcount_subscribers[m[Kâ€™?
[3.041s]    15 |         [01;31m[Kscan_subscriber_[m[K = this->create_subscription<sensor_msgs::msg::LaserScan>(lidarscan_topic, 1, std::bind(&WallFollow::scan_callback, this, _1));
[3.041s]       |         [01;31m[K^~~~~~~~~~~~~~~~[m[K
[3.041s]       |         [32m[Kcount_subscribers[m[K
[3.042s] [01m[K/home/judson35/f1_tenth/sim_ws/src/wall_follow/src/wall_follow_node.cpp:15:147:[m[K [01;31m[Kerror: [m[Kâ€˜[01m[K_1[m[Kâ€™ was not declared in this scope; did you mean â€˜[01m[Kstd::placeholders::_1[m[Kâ€™?
[3.042s]    15 |         scan_subscriber_ = this->create_subscription<sensor_msgs::msg::LaserScan>(lidarscan_topic, 1, std::bind(&WallFollow::scan_callback, this, [01;31m[K_1[m[K));
[3.042s]       |                                                                                                                                                   [01;31m[K^~[m[K
[3.042s]       |                                                                                                                                                   [32m[Kstd::placeholders::_1[m[K
[3.043s] In file included from [01m[K/opt/ros/foxy/include/rclcpp/context.hpp:19[m[K,
[3.043s]                  from [01m[K/opt/ros/foxy/include/rclcpp/contexts/default_context.hpp:18[m[K,
[3.043s]                  from [01m[K/opt/ros/foxy/include/rclcpp/executor.hpp:32[m[K,
[3.043s]                  from [01m[K/opt/ros/foxy/include/rclcpp/executors/multi_threaded_executor.hpp:26[m[K,
[3.043s]                  from [01m[K/opt/ros/foxy/include/rclcpp/executors.hpp:21[m[K,
[3.043s]                  from [01m[K/opt/ros/foxy/include/rclcpp/rclcpp.hpp:146[m[K,
[3.044s]                  from [01m[K/home/judson35/f1_tenth/sim_ws/src/wall_follow/src/wall_follow_node.cpp:1[m[K:
[3.044s] [01m[K/usr/include/c++/9/functional:211:34:[m[K [01;36m[Knote: [m[Kâ€˜[01m[Kstd::placeholders::_1[m[Kâ€™ declared here
[3.044s]   211 |     extern const _Placeholder<1> [01;36m[K_1[m[K;
[3.044s]       |                                  [01;36m[K^~[m[K
[3.044s] [01m[K/home/judson35/f1_tenth/sim_ws/src/wall_follow/src/wall_follow_node.cpp:17:42:[m[K [01;31m[Kerror: [m[Kunable to find numeric literal operator â€˜[01m[Koperator""ms[m[Kâ€™
[3.044s]    17 |         timer_ = this->create_wall_timer([01;31m[K1ms[m[K, std::bind(&MinimalParam::timer_callback, this));
[3.044s]       |                                          [01;31m[K^~~[m[K
[3.044s] [01m[K/home/judson35/f1_tenth/sim_ws/src/wall_follow/src/wall_follow_node.cpp:17:58:[m[K [01;31m[Kerror: [m[Kâ€˜[01m[KMinimalParam[m[Kâ€™ has not been declared
[3.044s]    17 |         timer_ = this->create_wall_timer(1ms, std::bind(&[01;31m[KMinimalParam[m[K::timer_callback, this));
[3.045s]       |                                                          [01;31m[K^~~~~~~~~~~~[m[K
[3.049s] [01m[K/home/judson35/f1_tenth/sim_ws/src/wall_follow/src/wall_follow_node.cpp:[m[K In member function â€˜[01m[Kvoid WallFollow::pid_control(double, double)[m[Kâ€™:
[3.049s] [01m[K/home/judson35/f1_tenth/sim_ws/src/wall_follow/src/wall_follow_node.cpp:101:9:[m[K [01;31m[Kerror: [m[Kâ€˜[01m[Kderivative[m[Kâ€™ was not declared in this scope
[3.049s]   101 |         [01;31m[Kderivative[m[K = kd * (error - prev_error) / dt;
[3.049s]       |         [01;31m[K^~~~~~~~~~[m[K
[3.055s] [01m[K/home/judson35/f1_tenth/sim_ws/src/wall_follow/src/wall_follow_node.cpp:103:9:[m[K [01;31m[Kerror: [m[Kâ€˜[01m[Ksteering_angle[m[Kâ€™ was not declared in this scope
[3.055s]   103 |         [01;31m[Ksteering_angle[m[K = (kp * error) + integral + derivative;
[3.055s]       |         [01;31m[K^~~~~~~~~~~~~~[m[K
[3.056s] [01m[K/home/judson35/f1_tenth/sim_ws/src/wall_follow/src/wall_follow_node.cpp:109:15:[m[K [01;31m[Kerror: [m[Kâ€˜[01m[Kclass WallFollow[m[Kâ€™ has no member named â€˜[01m[Kdrive_publisher_[m[Kâ€™; did you mean â€˜[01m[Kcreate_publisher[m[Kâ€™?
[3.056s]   109 |         this->[01;31m[Kdrive_publisher_[m[K->publish(drive_msg);
[3.056s]       |               [01;31m[K^~~~~~~~~~~~~~~~[m[K
[3.056s]       |               [32m[Kcreate_publisher[m[K
[3.056s] [01m[K/home/judson35/f1_tenth/sim_ws/src/wall_follow/src/wall_follow_node.cpp:98:16:[m[K [01;35m[Kwarning: [m[Kunused variable â€˜[01m[Kangle[m[Kâ€™ [[01;35m[K-Wunused-variable[m[K]
[3.056s]    98 |         double [01;35m[Kangle[m[K = 0.0;
[3.056s]       |                [01;35m[K^~~~~[m[K
[3.056s] [01m[K/home/judson35/f1_tenth/sim_ws/src/wall_follow/src/wall_follow_node.cpp:86:43:[m[K [01;35m[Kwarning: [m[Kunused parameter â€˜[01m[Kvelocity[m[Kâ€™ [[01;35m[K-Wunused-parameter[m[K]
[3.057s]    86 |     void pid_control(double error, [01;35m[Kdouble velocity[m[K)
[3.057s]       |                                    [01;35m[K~~~~~~~^~~~~~~~[m[K
[4.501s] make[2]: *** [CMakeFiles/wall_follow_node.dir/build.make:63: CMakeFiles/wall_follow_node.dir/src/wall_follow_node.cpp.o] Error 1
[4.501s] make[1]: *** [CMakeFiles/Makefile2:78: CMakeFiles/wall_follow_node.dir/all] Error 2
[4.501s] make: *** [Makefile:141: all] Error 2
[4.505s] Invoked command in '/home/judson35/f1_tenth/sim_ws/build/wall_follow' returned '2': CMAKE_PREFIX_PATH=/opt/ros/foxy /usr/bin/cmake --build /home/judson35/f1_tenth/sim_ws/build/wall_follow -- -j8 -l8
