[01m[K/home/judson35/f1_tenth/sim_ws/src/wall_follow/src/wall_follow_node.cpp:[m[K In member function â€˜[01m[Kdouble WallFollow::get_range(float*, double)[m[Kâ€™:
[01m[K/home/judson35/f1_tenth/sim_ws/src/wall_follow/src/wall_follow_node.cpp:65:23:[m[K [01;31m[Kerror: [m[Kâ€˜[01m[Kscan_msg[m[Kâ€™ was not declared in this scope
   65 |         int length = ([01;31m[Kscan_msg[m[K->angle_max - scan_msg->angle_min) / scan_msg->angle_increment;
      |                       [01;31m[K^~~~~~~~[m[K
[01m[K/home/judson35/f1_tenth/sim_ws/src/wall_follow/src/wall_follow_node.cpp:65:13:[m[K [01;35m[Kwarning: [m[Kunused variable â€˜[01m[Klength[m[Kâ€™ [[01;35m[K-Wunused-variable[m[K]
   65 |         int [01;35m[Klength[m[K = (scan_msg->angle_max - scan_msg->angle_min) / scan_msg->angle_increment;
      |             [01;35m[K^~~~~~[m[K
[01m[K/home/judson35/f1_tenth/sim_ws/src/wall_follow/src/wall_follow_node.cpp:[m[K In member function â€˜[01m[Kvoid WallFollow::scan_callback(sensor_msgs::msg::LaserScan_<std::allocator<void> >::ConstSharedPtr)[m[Kâ€™:
[01m[K/home/judson35/f1_tenth/sim_ws/src/wall_follow/src/wall_follow_node.cpp:133:9:[m[K [01;31m[Kerror: [m[Kâ€˜[01m[Kscan_angle_increment[m[Kâ€™ was not declared in this scope; did you mean â€˜[01m[Kscan_angle_min[m[Kâ€™?
  133 |         [01;31m[Kscan_angle_increment[m[K = scan_msg->angle_increment;
      |         [01;31m[K^~~~~~~~~~~~~~~~~~~~[m[K
      |         [32m[Kscan_angle_min[m[K
[01m[K/home/judson35/f1_tenth/sim_ws/src/wall_follow/src/wall_follow_node.cpp:136:36:[m[K [01;31m[Kerror: [m[Kinitializer fails to determine size of â€˜[01m[Kranges[m[Kâ€™
  136 |         float ranges[] = [01;31m[Kscan_msg->ranges[m[K;
      |                          [01;31m[K~~~~~~~~~~^~~~~~[m[K
[01m[K/home/judson35/f1_tenth/sim_ws/src/wall_follow/src/wall_follow_node.cpp:136:36:[m[K [01;31m[Kerror: [m[Karray must be initialized with a brace-enclosed initializer
make[2]: *** [CMakeFiles/wall_follow_node.dir/build.make:63: CMakeFiles/wall_follow_node.dir/src/wall_follow_node.cpp.o] Error 1
make[1]: *** [CMakeFiles/Makefile2:78: CMakeFiles/wall_follow_node.dir/all] Error 2
make: *** [Makefile:141: all] Error 2
