[0.035s] Invoking command in '/home/judson35/f1_tenth/sim_ws/build/wall_follow': CMAKE_PREFIX_PATH=${CMAKE_PREFIX_PATH}:/home/judson35/f1_tenth/sim_ws/install/f1tenth_gym_ros:/opt/ros/foxy /usr/bin/cmake --build /home/judson35/f1_tenth/sim_ws/build/wall_follow -- -j8 -l8
[0.114s] [35m[1mScanning dependencies of target wall_follow_node[0m
[0.173s] [ 50%] [32mBuilding CXX object CMakeFiles/wall_follow_node.dir/src/wall_follow_node.cpp.o[0m
[2.964s] [01m[K/home/judson35/f1_tenth/sim_ws/src/wall_follow/src/wall_follow_node.cpp:[m[K In member function â€˜[01m[Kdouble WallFollow::get_range(float*, double)[m[Kâ€™:
[2.964s] [01m[K/home/judson35/f1_tenth/sim_ws/src/wall_follow/src/wall_follow_node.cpp:65:23:[m[K [01;31m[Kerror: [m[Kâ€˜[01m[Kscan_msg[m[Kâ€™ was not declared in this scope
[2.964s]    65 |         int length = ([01;31m[Kscan_msg[m[K->angle_max - scan_msg->angle_min) / scan_msg->angle_increment;
[2.965s]       |                       [01;31m[K^~~~~~~~[m[K
[2.965s] [01m[K/home/judson35/f1_tenth/sim_ws/src/wall_follow/src/wall_follow_node.cpp:65:13:[m[K [01;35m[Kwarning: [m[Kunused variable â€˜[01m[Klength[m[Kâ€™ [[01;35m[K-Wunused-variable[m[K]
[2.965s]    65 |         int [01;35m[Klength[m[K = (scan_msg->angle_max - scan_msg->angle_min) / scan_msg->angle_increment;
[2.966s]       |             [01;35m[K^~~~~~[m[K
[2.988s] [01m[K/home/judson35/f1_tenth/sim_ws/src/wall_follow/src/wall_follow_node.cpp:[m[K In member function â€˜[01m[Kvoid WallFollow::scan_callback(sensor_msgs::msg::LaserScan_<std::allocator<void> >::ConstSharedPtr)[m[Kâ€™:
[2.988s] [01m[K/home/judson35/f1_tenth/sim_ws/src/wall_follow/src/wall_follow_node.cpp:133:9:[m[K [01;31m[Kerror: [m[Kâ€˜[01m[Kscan_angle_increment[m[Kâ€™ was not declared in this scope; did you mean â€˜[01m[Kscan_angle_min[m[Kâ€™?
[2.989s]   133 |         [01;31m[Kscan_angle_increment[m[K = scan_msg->angle_increment;
[2.989s]       |         [01;31m[K^~~~~~~~~~~~~~~~~~~~[m[K
[2.989s]       |         [32m[Kscan_angle_min[m[K
[2.989s] [01m[K/home/judson35/f1_tenth/sim_ws/src/wall_follow/src/wall_follow_node.cpp:136:36:[m[K [01;31m[Kerror: [m[Kinitializer fails to determine size of â€˜[01m[Kranges[m[Kâ€™
[2.990s]   136 |         float ranges[] = [01;31m[Kscan_msg->ranges[m[K;
[2.990s]       |                          [01;31m[K~~~~~~~~~~^~~~~~[m[K
[2.990s] [01m[K/home/judson35/f1_tenth/sim_ws/src/wall_follow/src/wall_follow_node.cpp:136:36:[m[K [01;31m[Kerror: [m[Karray must be initialized with a brace-enclosed initializer
[6.262s] make[2]: *** [CMakeFiles/wall_follow_node.dir/build.make:63: CMakeFiles/wall_follow_node.dir/src/wall_follow_node.cpp.o] Error 1
[6.262s] make[1]: *** [CMakeFiles/Makefile2:78: CMakeFiles/wall_follow_node.dir/all] Error 2
[6.263s] make: *** [Makefile:141: all] Error 2
[6.267s] Invoked command in '/home/judson35/f1_tenth/sim_ws/build/wall_follow' returned '2': CMAKE_PREFIX_PATH=${CMAKE_PREFIX_PATH}:/home/judson35/f1_tenth/sim_ws/install/f1tenth_gym_ros:/opt/ros/foxy /usr/bin/cmake --build /home/judson35/f1_tenth/sim_ws/build/wall_follow -- -j8 -l8
