[0.030s] Invoking command in '/home/judson35/f1_tenth/sim_ws/build/safety_node': CMAKE_PREFIX_PATH=${CMAKE_PREFIX_PATH}:/home/judson35/f1_tenth/sim_ws/install/f1tenth_gym_ros:/opt/ros/foxy /usr/bin/cmake --build /home/judson35/f1_tenth/sim_ws/build/safety_node -- -j8 -l8
[0.111s] [35m[1mScanning dependencies of target safety_node[0m
[0.162s] [ 50%] [32mBuilding CXX object CMakeFiles/safety_node.dir/src/safety_node.cpp.o[0m
[3.010s] [01m[K/home/judson35/f1_tenth/sim_ws/src/safety_node/src/safety_node.cpp:[m[K In member function â€˜[01m[Kvoid Safety::scan_callback(sensor_msgs::msg::LaserScan_<std::allocator<void> >::ConstSharedPtr)[m[Kâ€™:
[3.010s] [01m[K/home/judson35/f1_tenth/sim_ws/src/safety_node/src/safety_node.cpp:52:80:[m[K [01;31m[Kerror: [m[Kâ€˜[01m[Knan[m[Kâ€™ is not a member of â€˜[01m[Kstd::numeric_limits<float>[m[Kâ€™
[3.011s]    52 | n_msg->ranges[i] == std::numeric_limits<float>::[01;31m[Knan[m[K();
[3.011s]       |                                                 [01;31m[K^~~[m[K
[3.011s] 
[7.029s] make[2]: *** [CMakeFiles/safety_node.dir/build.make:63: CMakeFiles/safety_node.dir/src/safety_node.cpp.o] Error 1
[7.030s] make[1]: *** [CMakeFiles/Makefile2:78: CMakeFiles/safety_node.dir/all] Error 2
[7.030s] make: *** [Makefile:141: all] Error 2
[7.034s] Invoked command in '/home/judson35/f1_tenth/sim_ws/build/safety_node' returned '2': CMAKE_PREFIX_PATH=${CMAKE_PREFIX_PATH}:/home/judson35/f1_tenth/sim_ws/install/f1tenth_gym_ros:/opt/ros/foxy /usr/bin/cmake --build /home/judson35/f1_tenth/sim_ws/build/safety_node -- -j8 -l8
