[35m[1mScanning dependencies of target wall_follow_node[0m
[ 50%] [32mBuilding CXX object CMakeFiles/wall_follow_node.dir/src/wall_follow_node.cpp.o[0m
[01m[K/home/judson35/f1_tenth/sim_ws/src/wall_follow/src/wall_follow_node.cpp:[m[K In member function â€˜[01m[Kvoid WallFollow::scan_callback(sensor_msgs::msg::LaserScan_<std::allocator<void> >::ConstSharedPtr)[m[Kâ€™:
[01m[K/home/judson35/f1_tenth/sim_ws/src/wall_follow/src/wall_follow_node.cpp:130:43:[m[K [01;31m[Kerror: [m[Kâ€˜[01m[Kconst ConstSharedPtr[m[Kâ€™ {aka â€˜[01m[Kconst class std::shared_ptr<const sensor_msgs::msg::LaserScan_<std::allocator<void> > >[m[Kâ€™} has no member named â€˜[01m[Kranges[m[Kâ€™
  130 |         double error = get_error(scan_msg.[01;31m[Kranges[m[K, 90.0); //angle at 90 deg
      |                                           [01;31m[K^~~~~~[m[K
make[2]: *** [CMakeFiles/wall_follow_node.dir/build.make:63: CMakeFiles/wall_follow_node.dir/src/wall_follow_node.cpp.o] Error 1
make[1]: *** [CMakeFiles/Makefile2:78: CMakeFiles/wall_follow_node.dir/all] Error 2
make: *** [Makefile:141: all] Error 2
