[35m[1mScanning dependencies of target safety_node[0m
[ 50%] [32mBuilding CXX object CMakeFiles/safety_node.dir/src/safety_node.cpp.o[0m
[01m[K/home/judson35/f1_tenth/sim_ws/src/safety_node/src/safety_node.cpp:37:23:[m[K [01;31m[Kerror: [m[Kâ€˜[01m[Kackermann_drive[m[Kâ€™ was not declared in this scope; did you mean â€˜[01m[Kackermann_msgs[m[Kâ€™?
   37 |     rclcpp::Publisher<[01;31m[Kackermann_drive[m[K::msg::AckermannDriveStamped>::SharedPtr publisher_;
      |                       [01;31m[K^~~~~~~~~~~~~~~[m[K
      |                       [32m[Kackermann_msgs[m[K
[01m[K/home/judson35/f1_tenth/sim_ws/src/safety_node/src/safety_node.cpp:37:66:[m[K [01;31m[Kerror: [m[Ktemplate argument 1 is invalid
   37 | rclcpp::Publisher<ackermann_drive::msg::AckermannDriveStamped[01;31m[K>[m[K::SharedPtr publisher_;
      |                                                              [01;31m[K^[m[K

[01m[K/home/judson35/f1_tenth/sim_ws/src/safety_node/src/safety_node.cpp:37:69:[m[K [01;31m[Kerror: [m[Kexpected â€˜[01m[K;[m[Kâ€™ at end of member declaration
   37 | cpp::Publisher<ackermann_drive::msg::AckermannDriveStamped>::[01;31m[KSharedPtr[m[K publisher_;
      |                                                              [01;31m[K^~~~~~~~~[m[K
      |                                                                       [32m[K;[m[K
[01m[K/home/judson35/f1_tenth/sim_ws/src/safety_node/src/safety_node.cpp:37:79:[m[K [01;31m[Kerror: [m[Kâ€˜[01m[Kpublisher_[m[Kâ€™ does not name a type; did you mean â€˜[01m[Krcl_publisher_t[m[Kâ€™?
   37 | ::Publisher<ackermann_drive::msg::AckermannDriveStamped>::SharedPtr [01;31m[Kpublisher_[m[K;
      |                                                                     [01;31m[K^~~~~~~~~~[m[K
      |                                                                     [32m[Krcl_publisher_t[m[K
[01m[K/home/judson35/f1_tenth/sim_ws/src/safety_node/src/safety_node.cpp:[m[K In constructor â€˜[01m[KSafety::Safety()[m[Kâ€™:
[01m[K/home/judson35/f1_tenth/sim_ws/src/safety_node/src/safety_node.cpp:28:8:[m[K [01;31m[Kerror: [m[Kâ€˜[01m[Kpublisher_[m[Kâ€™ was not declared in this scope; did you mean â€˜[01m[Krcl_publisher_t[m[Kâ€™?
   28 |        [01;31m[Kpublisher_[m[K = this->create_publisher<tutorial_interfaces::msg::Num>("drive", 10);
      |        [01;31m[K^~~~~~~~~~[m[K
      |        [32m[Krcl_publisher_t[m[K
[01m[K/home/judson35/f1_tenth/sim_ws/src/safety_node/src/safety_node.cpp:28:44:[m[K [01;31m[Kerror: [m[Kâ€˜[01m[Ktutorial_interfaces[m[Kâ€™ was not declared in this scope; did you mean â€˜[01m[Krcl_interfaces[m[Kâ€™?
   28 |        publisher_ = this->create_publisher<[01;31m[Ktutorial_interfaces[m[K::msg::Num>("drive", 10);
      |                                            [01;31m[K^~~~~~~~~~~~~~~~~~~[m[K
      |                                            [32m[Krcl_interfaces[m[K
[01m[K/home/judson35/f1_tenth/sim_ws/src/safety_node/src/safety_node.cpp:28:27:[m[K [01;31m[Kerror: [m[Kparse error in template argument list
   28 |        publisher_ = this->[01;31m[Kcreate_publisher<tutorial_interfaces::msg::Num>[m[K("drive", 10);
      |                           [01;31m[K^~~~~~~~~~~~~~~~~~~~~~~~~~~~~~~~~~~~~~~~~~~~~~~[m[K
[01m[K/home/judson35/f1_tenth/sim_ws/src/safety_node/src/safety_node.cpp:28:86:[m[K [01;31m[Kerror: [m[Kno matching function for call to â€˜[01m[KSafety::create_publisher<<expression error> >(const char [6], int)[m[Kâ€™
   28 | ->create_publisher<tutorial_interfaces::msg::Num>("drive", 10[01;31m[K)[m[K;
      |                                                              [01;31m[K^[m[K

In file included from [01m[K/opt/ros/foxy/include/rclcpp/executors/single_threaded_executor.hpp:28[m[K,
                 from [01m[K/opt/ros/foxy/include/rclcpp/executors.hpp:22[m[K,
                 from [01m[K/opt/ros/foxy/include/rclcpp/rclcpp.hpp:146[m[K,
                 from [01m[K/home/judson35/f1_tenth/sim_ws/src/safety_node/src/safety_node.cpp:1[m[K:
[01m[K/opt/ros/foxy/include/rclcpp/node.hpp:184:3:[m[K [01;36m[Knote: [m[Kcandidate: â€˜[01m[Ktemplate<class MessageT, class AllocatorT, class PublisherT> std::shared_ptr<PublisherT> rclcpp::Node::create_publisher(const string&, const rclcpp::QoS&, const rclcpp::PublisherOptionsWithAllocator<AllocatorT>&)[m[Kâ€™
  184 |   [01;36m[Kcreate_publisher[m[K(
      |   [01;36m[K^~~~~~~~~~~~~~~~[m[K
[01m[K/opt/ros/foxy/include/rclcpp/node.hpp:184:3:[m[K [01;36m[Knote: [m[K  template argument deduction/substitution failed:
[01m[K/home/judson35/f1_tenth/sim_ws/src/safety_node/src/safety_node.cpp:28:86:[m[K [01;31m[Kerror: [m[Ktemplate argument 1 is invalid
   28 | ->create_publisher<tutorial_interfaces::msg::Num>("drive", 10[01;31m[K)[m[K;
      |                                                              [01;31m[K^[m[K

[01m[K/home/judson35/f1_tenth/sim_ws/src/safety_node/src/safety_node.cpp:[m[K In member function â€˜[01m[Kvoid Safety::drive_callback(nav_msgs::msg::Odometry_<std::allocator<void> >::ConstSharedPtr)[m[Kâ€™:
[01m[K/home/judson35/f1_tenth/sim_ws/src/safety_node/src/safety_node.cpp:43:21:[m[K [01;31m[Kerror: [m[Kâ€˜[01m[Kconst ConstSharedPtr[m[Kâ€™ {aka â€˜[01m[Kconst class std::shared_ptr<const nav_msgs::msg::Odometry_<std::allocator<void> > >[m[Kâ€™} has no member named â€˜[01m[Ktwist[m[Kâ€™
   43 |         speed = msg.[01;31m[Ktwist[m[K.twist.linear.x;
      |                     [01;31m[K^~~~~[m[K
[01m[K/home/judson35/f1_tenth/sim_ws/src/safety_node/src/safety_node.cpp:[m[K In member function â€˜[01m[Kvoid Safety::scan_callback(sensor_msgs::msg::LaserScan_<std::allocator<void> >::ConstSharedPtr)[m[Kâ€™:
[01m[K/home/judson35/f1_tenth/sim_ws/src/safety_node/src/safety_node.cpp:48:32:[m[K [01;31m[Kerror: [m[Kâ€˜[01m[Kconst ConstSharedPtr[m[Kâ€™ {aka â€˜[01m[Kconst class std::shared_ptr<const sensor_msgs::msg::LaserScan_<std::allocator<void> > >[m[Kâ€™} has no member named â€˜[01m[Kangle_max[m[Kâ€™
   48 |         float range = scan_msg.[01;31m[Kangle_max[m[K - scan_msg.angle_min;
      |                                [01;31m[K^~~~~~~~~[m[K
[01m[K/home/judson35/f1_tenth/sim_ws/src/safety_node/src/safety_node.cpp:48:53:[m[K [01;31m[Kerror: [m[Kâ€˜[01m[Kconst ConstSharedPtr[m[Kâ€™ {aka â€˜[01m[Kconst class std::shared_ptr<const sensor_msgs::msg::LaserScan_<std::allocator<void> > >[m[Kâ€™} has no member named â€˜[01m[Kangle_min[m[Kâ€™
   48 |         float range = scan_msg.angle_max - scan_msg.[01;31m[Kangle_min[m[K;
      |                                                     [01;31m[K^~~~~~~~~[m[K
[01m[K/home/judson35/f1_tenth/sim_ws/src/safety_node/src/safety_node.cpp:49:38:[m[K [01;31m[Kerror: [m[Kâ€˜[01m[Kconst ConstSharedPtr[m[Kâ€™ {aka â€˜[01m[Kconst class std::shared_ptr<const sensor_msgs::msg::LaserScan_<std::allocator<void> > >[m[Kâ€™} has no member named â€˜[01m[Kranges[m[Kâ€™
   49 |         int length = sizeof(scan_msg.[01;31m[Kranges[m[K)/sizeof(scan_msg.ranges[0]);
      |                                      [01;31m[K^~~~~~[m[K
[01m[K/home/judson35/f1_tenth/sim_ws/src/safety_node/src/safety_node.cpp:49:62:[m[K [01;31m[Kerror: [m[Kâ€˜[01m[Kconst ConstSharedPtr[m[Kâ€™ {aka â€˜[01m[Kconst class std::shared_ptr<const sensor_msgs::msg::LaserScan_<std::allocator<void> > >[m[Kâ€™} has no member named â€˜[01m[Kranges[m[Kâ€™
   49 |         int length = sizeof(scan_msg.ranges)/sizeof(scan_msg.[01;31m[Kranges[m[K[0]);
      |                                                              [01;31m[K^~~~~~[m[K
[01m[K/home/judson35/f1_tenth/sim_ws/src/safety_node/src/safety_node.cpp:52:54:[m[K [01;31m[Kerror: [m[Kâ€˜[01m[Kconst ConstSharedPtr[m[Kâ€™ {aka â€˜[01m[Kconst class std::shared_ptr<const sensor_msgs::msg::LaserScan_<std::allocator<void> > >[m[Kâ€™} has no member named â€˜[01m[Kangle_min[m[Kâ€™
   52 |             float r_dot = this->speed * cos(scan_msg.[01;31m[Kangle_min[m[K + i*scan_msg.angle_increment);
      |                                                      [01;31m[K^~~~~~~~~[m[K
[01m[K/home/judson35/f1_tenth/sim_ws/src/safety_node/src/safety_node.cpp:52:77:[m[K [01;31m[Kerror: [m[Kâ€˜[01m[Kconst ConstSharedPtr[m[Kâ€™ {aka â€˜[01m[Kconst class std::shared_ptr<const sensor_msgs::msg::LaserScan_<std::allocator<void> > >[m[Kâ€™} has no member named â€˜[01m[Kangle_increment[m[Kâ€™
   52 | oat r_dot = this->speed * cos(scan_msg.angle_min + i*scan_msg.[01;31m[Kangle_increment[m[K);
      |                                                               [01;31m[K^~~~~~~~~~~~~~~[m[K

[01m[K/home/judson35/f1_tenth/sim_ws/src/safety_node/src/safety_node.cpp:53:38:[m[K [01;31m[Kerror: [m[Kâ€˜[01m[Kconst ConstSharedPtr[m[Kâ€™ {aka â€˜[01m[Kconst class std::shared_ptr<const sensor_msgs::msg::LaserScan_<std::allocator<void> > >[m[Kâ€™} has no member named â€˜[01m[Kranges[m[Kâ€™
   53 |             iTTC = std::min(scan_msg.[01;31m[Kranges[m[K[i] / std::max(r_dot, 0.0f), iTTC);
      |                                      [01;31m[K^~~~~~[m[K
[01m[K/home/judson35/f1_tenth/sim_ws/src/safety_node/src/safety_node.cpp:59:19:[m[K [01;31m[Kerror: [m[Kâ€˜[01m[Kclass Safety[m[Kâ€™ has no member named â€˜[01m[Kpublisher_[m[Kâ€™
   59 |             this->[01;31m[Kpublisher_[m[K->publish(message);
      |                   [01;31m[K^~~~~~~~~~[m[K
[01m[K/home/judson35/f1_tenth/sim_ws/src/safety_node/src/safety_node.cpp:48:15:[m[K [01;35m[Kwarning: [m[Kunused variable â€˜[01m[Krange[m[Kâ€™ [[01;35m[K-Wunused-variable[m[K]
   48 |         float [01;35m[Krange[m[K = scan_msg.angle_max - scan_msg.angle_min;
      |               [01;35m[K^~~~~[m[K
make[2]: *** [CMakeFiles/safety_node.dir/build.make:63: CMakeFiles/safety_node.dir/src/safety_node.cpp.o] Error 1
make[1]: *** [CMakeFiles/Makefile2:78: CMakeFiles/safety_node.dir/all] Error 2
make: *** [Makefile:141: all] Error 2
