[0.556s] Invoking command in '/home/judson35/f1_tenth/sim_ws/build/wall_follow': CMAKE_PREFIX_PATH=/opt/ros/foxy /usr/bin/cmake /home/judson35/f1_tenth/sim_ws/src/wall_follow -DCMAKE_INSTALL_PREFIX=/home/judson35/f1_tenth/sim_ws/install/wall_follow
[0.682s] -- The C compiler identification is GNU 9.4.0
[0.783s] -- The CXX compiler identification is GNU 9.4.0
[0.799s] -- Check for working C compiler: /usr/bin/cc
[0.929s] -- Check for working C compiler: /usr/bin/cc -- works
[0.931s] -- Detecting C compiler ABI info
[1.043s] -- Detecting C compiler ABI info - done
[1.069s] -- Detecting C compile features
[1.070s] -- Detecting C compile features - done
[1.079s] -- Check for working CXX compiler: /usr/bin/c++
[1.217s] -- Check for working CXX compiler: /usr/bin/c++ -- works
[1.219s] -- Detecting CXX compiler ABI info
[1.361s] -- Detecting CXX compiler ABI info - done
[1.391s] -- Detecting CXX compile features
[1.392s] -- Detecting CXX compile features - done
[1.397s] -- Found ament_cmake: 0.9.12 (/opt/ros/foxy/share/ament_cmake/cmake)
[1.449s] -- Found PythonInterp: /usr/bin/python3 (found suitable version "3.8.10", minimum required is "3") 
[1.449s] -- Using PYTHON_EXECUTABLE: /usr/bin/python3
[1.917s] -- Found rclcpp: 2.4.3 (/opt/ros/foxy/share/rclcpp/cmake)
[2.013s] -- Using all available rosidl_typesupport_c: rosidl_typesupport_fastrtps_c;rosidl_typesupport_introspection_c
[2.026s] -- Found rosidl_adapter: 1.3.1 (/opt/ros/foxy/share/rosidl_adapter/cmake)
[2.181s] -- Found OpenSSL: /usr/lib/x86_64-linux-gnu/libcrypto.so (found version "1.1.1f")  
[2.244s] -- Found FastRTPS: /opt/ros/foxy/include  
[2.399s] -- Using all available rosidl_typesupport_cpp: rosidl_typesupport_fastrtps_cpp;rosidl_typesupport_introspection_cpp
[2.521s] -- Found rmw_implementation_cmake: 1.0.4 (/opt/ros/foxy/share/rmw_implementation_cmake/cmake)
[2.526s] -- Using RMW implementation 'rmw_fastrtps_cpp' as default
[2.528s] -- Looking for pthread.h
[2.649s] -- Looking for pthread.h - found
[2.649s] -- Performing Test CMAKE_HAVE_LIBC_PTHREAD
[2.767s] -- Performing Test CMAKE_HAVE_LIBC_PTHREAD - Failed
[2.767s] -- Looking for pthread_create in pthreads
[2.872s] -- Looking for pthread_create in pthreads - not found
[2.872s] -- Looking for pthread_create in pthread
[2.987s] -- Looking for pthread_create in pthread - found
[2.990s] -- Found Threads: TRUE  
[3.317s] -- Found rclpy: 1.0.13 (/opt/ros/foxy/share/rclpy/cmake)
[3.319s] -- Found geometry_msgs: 2.0.5 (/opt/ros/foxy/share/geometry_msgs/cmake)
[3.392s] -- Found nav_msgs: 2.0.5 (/opt/ros/foxy/share/nav_msgs/cmake)
[3.549s] -- Found ackermann_msgs: 2.0.2 (/opt/ros/foxy/share/ackermann_msgs/cmake)
[3.623s] -- Found sensor_msgs: 2.0.5 (/opt/ros/foxy/share/sensor_msgs/cmake)
[3.849s] -- Found ament_lint_auto: 0.9.8 (/opt/ros/foxy/share/ament_lint_auto/cmake)
[4.002s] -- Added test 'copyright' to check source files copyright and LICENSE
[4.005s] -- Added test 'cppcheck' to perform static code analysis on C / C++ code
[4.005s] -- Configured cppcheck include dirs: /home/judson35/f1_tenth/sim_ws/src/wall_follow/include
[4.005s] -- Configured cppcheck exclude dirs and/or files: 
[4.007s] -- Added test 'cpplint' to check C / C++ code against the Google style
[4.007s] -- Configured cpplint exclude dirs and/or files: 
[4.009s] -- Added test 'flake8' to check Python code syntax and style conventions
[4.010s] -- Added test 'lint_cmake' to check CMake code style
[4.011s] -- Added test 'pep257' to check Python code against some of the style conventions in PEP 257
[4.013s] -- Added test 'uncrustify' to check C / C++ code style
[4.013s] -- Configured uncrustify additional arguments: 
[4.015s] -- Added test 'xmllint' to check XML markup files
[4.021s] -- Configuring done
[4.041s] -- Generating done
[4.043s] -- Build files have been written to: /home/judson35/f1_tenth/sim_ws/build/wall_follow
[4.057s] Invoked command in '/home/judson35/f1_tenth/sim_ws/build/wall_follow' returned '0': CMAKE_PREFIX_PATH=/opt/ros/foxy /usr/bin/cmake /home/judson35/f1_tenth/sim_ws/src/wall_follow -DCMAKE_INSTALL_PREFIX=/home/judson35/f1_tenth/sim_ws/install/wall_follow
[4.061s] Invoking command in '/home/judson35/f1_tenth/sim_ws/build/wall_follow': CMAKE_PREFIX_PATH=/opt/ros/foxy /usr/bin/cmake --build /home/judson35/f1_tenth/sim_ws/build/wall_follow -- -j8 -l8
[4.131s] [35m[1mScanning dependencies of target wall_follow_node[0m
[4.199s] [ 50%] [32mBuilding CXX object CMakeFiles/wall_follow_node.dir/src/wall_follow_node.cpp.o[0m
[4.389s] [01m[K/home/judson35/f1_tenth/sim_ws/src/wall_follow/src/wall_follow_node.cpp:6:10:[m[K [01;31m[Kfatal error: [m[Kcmath.h: No such file or directory
[4.389s]     6 | #include [01;31m[K<cmath.h>[m[K
[4.389s]       |          [01;31m[K^~~~~~~~~[m[K
[4.389s] compilation terminated.
[4.392s] make[2]: *** [CMakeFiles/wall_follow_node.dir/build.make:63: CMakeFiles/wall_follow_node.dir/src/wall_follow_node.cpp.o] Error 1
[4.393s] make[1]: *** [CMakeFiles/Makefile2:78: CMakeFiles/wall_follow_node.dir/all] Error 2
[4.393s] make: *** [Makefile:141: all] Error 2
[4.397s] Invoked command in '/home/judson35/f1_tenth/sim_ws/build/wall_follow' returned '2': CMAKE_PREFIX_PATH=/opt/ros/foxy /usr/bin/cmake --build /home/judson35/f1_tenth/sim_ws/build/wall_follow -- -j8 -l8
