[0.033s] Invoking command in '/home/judson35/f1_tenth/sim_ws/build/wall_follow': CMAKE_PREFIX_PATH=${CMAKE_PREFIX_PATH}:/home/judson35/f1_tenth/sim_ws/install/f1tenth_gym_ros:/opt/ros/foxy /usr/bin/cmake --build /home/judson35/f1_tenth/sim_ws/build/wall_follow -- -j8 -l8
[0.113s] [35m[1mScanning dependencies of target wall_follow_node[0m
[0.177s] [ 50%] [32mBuilding CXX object CMakeFiles/wall_follow_node.dir/src/wall_follow_node.cpp.o[0m
[3.212s] [01m[K/home/judson35/f1_tenth/sim_ws/src/wall_follow/src/wall_follow_node.cpp:[m[K In member function â€˜[01m[Kvoid WallFollow::scan_callback(sensor_msgs::msg::LaserScan_<std::allocator<void> >::ConstSharedPtr)[m[Kâ€™:
[3.212s] [01m[K/home/judson35/f1_tenth/sim_ws/src/wall_follow/src/wall_follow_node.cpp:139:44:[m[K [01;31m[Kerror: [m[Kcannot convert â€˜[01m[Kconst _ranges_type[m[Kâ€™ {aka â€˜[01m[Kconst std::vector<float>[m[Kâ€™} to â€˜[01m[Kconst float*[m[Kâ€™
[3.212s]   139 |         double error = get_error([01;31m[Kscan_msg->ranges[m[K, 90.0); //angle at 90 deg
[3.212s]       |                                  [01;31m[K~~~~~~~~~~^~~~~~[m[K
[3.212s]       |                                            [01;31m[K|[m[K
[3.213s]       |                                            [01;31m[Kconst _ranges_type {aka const std::vector<float>}[m[K
[3.213s] [01m[K/home/judson35/f1_tenth/sim_ws/src/wall_follow/src/wall_follow_node.cpp:74:35:[m[K [01;36m[Knote: [m[K  initializing argument 1 of â€˜[01m[Kdouble WallFollow::get_error(const float*, double)[m[Kâ€™
[3.213s]    74 |     double get_error([01;36m[Kconst float* range_data[m[K, double dist)
[3.213s]       |                      [01;36m[K~~~~~~~~~~~~~^~~~~~~~~~[m[K
[3.214s] [01m[K/home/judson35/f1_tenth/sim_ws/src/wall_follow/src/wall_follow_node.cpp:137:19:[m[K [01;35m[Kwarning: [m[Kunused variable â€˜[01m[Klength[m[Kâ€™ [[01;35m[K-Wunused-variable[m[K]
[3.214s]   137 |         const int [01;35m[Klength[m[K = (scan_msg->angle_max - scan_msg->angle_min) / scan_msg->angle_increment;
[3.214s]       |                   [01;35m[K^~~~~~[m[K
[6.515s] make[2]: *** [CMakeFiles/wall_follow_node.dir/build.make:63: CMakeFiles/wall_follow_node.dir/src/wall_follow_node.cpp.o] Error 1
[6.515s] make[1]: *** [CMakeFiles/Makefile2:78: CMakeFiles/wall_follow_node.dir/all] Error 2
[6.515s] make: *** [Makefile:141: all] Error 2
[6.519s] Invoked command in '/home/judson35/f1_tenth/sim_ws/build/wall_follow' returned '2': CMAKE_PREFIX_PATH=${CMAKE_PREFIX_PATH}:/home/judson35/f1_tenth/sim_ws/install/f1tenth_gym_ros:/opt/ros/foxy /usr/bin/cmake --build /home/judson35/f1_tenth/sim_ws/build/wall_follow -- -j8 -l8
