[35m[1mScanning dependencies of target wall_follow_node[0m
[ 50%] [32mBuilding CXX object CMakeFiles/wall_follow_node.dir/src/wall_follow_node.cpp.o[0m
[01m[K/home/judson35/f1_tenth/sim_ws/src/wall_follow/src/wall_follow_node.cpp:[m[K In member function â€˜[01m[Kdouble WallFollow::get_range(std::vector<float>, double)[m[Kâ€™:
[01m[K/home/judson35/f1_tenth/sim_ws/src/wall_follow/src/wall_follow_node.cpp:174:52:[m[K [01;31m[Kerror: [m[Kâ€˜[01m[Kscan_angle_increment[m[Kâ€™ was not declared in this scope; did you mean â€˜[01m[Kscan_angle_min[m[Kâ€™?
  174 |             float check_angle = scan_angle_min + i*[01;31m[Kscan_angle_increment[m[K;
      |                                                    [01;31m[K^~~~~~~~~~~~~~~~~~~~[m[K
      |                                                    [32m[Kscan_angle_min[m[K
[01m[K/home/judson35/f1_tenth/sim_ws/src/wall_follow/src/wall_follow_node.cpp:184:72:[m[K [01;31m[Kerror: [m[Kâ€˜[01m[Kclass WallFollow[m[Kâ€™ has no member named â€˜[01m[Kscan_angle_increment[m[Kâ€™; did you mean â€˜[01m[Kscan_angle_min[m[Kâ€™?
  184 |         return range_data[(int)((angle - this->scan_angle_min) / this->[01;31m[Kscan_angle_increment[m[K)];
      |                                                                        [01;31m[K^~~~~~~~~~~~~~~~~~~~[m[K
      |                                                                        [32m[Kscan_angle_min[m[K
make[2]: *** [CMakeFiles/wall_follow_node.dir/build.make:63: CMakeFiles/wall_follow_node.dir/src/wall_follow_node.cpp.o] Error 1
make[1]: *** [CMakeFiles/Makefile2:78: CMakeFiles/wall_follow_node.dir/all] Error 2
make: *** [Makefile:141: all] Error 2
