[0.031s] Invoking command in '/home/judson35/f1_tenth/sim_ws/build/wall_follow': CMAKE_PREFIX_PATH=${CMAKE_PREFIX_PATH}:/home/judson35/f1_tenth/sim_ws/install/f1tenth_gym_ros:/opt/ros/foxy /usr/bin/cmake --build /home/judson35/f1_tenth/sim_ws/build/wall_follow -- -j8 -l8
[0.122s] [35m[1mScanning dependencies of target wall_follow_node[0m
[0.185s] [ 50%] [32mBuilding CXX object CMakeFiles/wall_follow_node.dir/src/wall_follow_node.cpp.o[0m
[2.861s] [01m[K/home/judson35/f1_tenth/sim_ws/src/wall_follow/src/wall_follow_node.cpp:89:10:[m[K [01;31m[Kerror: [m[Kâ€˜[01m[Ktime[m[Kâ€™ in namespace â€˜[01m[Kstd[m[Kâ€™ does not name a type
[2.861s]    89 |     std::[01;31m[Ktime[m[K prev_time;
[2.861s]       |          [01;31m[K^~~~[m[K
[2.861s] In file included from [01m[K/usr/include/pthread.h:23[m[K,
[2.861s]                  from [01m[K/usr/include/x86_64-linux-gnu/c++/9/bits/gthr-default.h:35[m[K,
[2.862s]                  from [01m[K/usr/include/x86_64-linux-gnu/c++/9/bits/gthr.h:148[m[K,
[2.862s]                  from [01m[K/usr/include/c++/9/ext/atomicity.h:35[m[K,
[2.862s]                  from [01m[K/usr/include/c++/9/memory:73[m[K,
[2.862s]                  from [01m[K/opt/ros/foxy/include/rclcpp/rclcpp.hpp:144[m[K,
[2.862s]                  from [01m[K/home/judson35/f1_tenth/sim_ws/src/wall_follow/src/wall_follow_node.cpp:1[m[K:
[2.863s] [01m[K/usr/include/time.h:75:15:[m[K [01;36m[Knote: [m[Kâ€˜[01m[Ktime_t time(time_t*)[m[Kâ€™ declared here
[2.863s]    75 | extern time_t [01;36m[Ktime[m[K (time_t *__timer) __THROW;
[2.863s]       |               [01;36m[K^~~~[m[K
[2.979s] [01m[K/home/judson35/f1_tenth/sim_ws/src/wall_follow/src/wall_follow_node.cpp:[m[K In member function â€˜[01m[Kvoid WallFollow::scan_callback(sensor_msgs::msg::LaserScan_<std::allocator<void> >::ConstSharedPtr)[m[Kâ€™:
[2.979s] [01m[K/home/judson35/f1_tenth/sim_ws/src/wall_follow/src/wall_follow_node.cpp:240:18:[m[K [01;31m[Kerror: [m[Kexpected â€˜[01m[K;[m[Kâ€™ before â€˜[01m[Kcurr_time[m[Kâ€™
[2.979s]   240 |         std::time[01;31m[K [m[K[32m[Kcurr_time[m[K = scan_msg->header.time;
[2.979s]       |                  [01;31m[K^[m[K[32m[K~~~~~~~~~[m[K
[2.979s]       |                  [32m[K;[m[K
[2.979s] [01m[K/home/judson35/f1_tenth/sim_ws/src/wall_follow/src/wall_follow_node.cpp:240:14:[m[K [01;35m[Kwarning: [m[Kstatement is a reference, not call, to function â€˜[01m[Ktime[m[Kâ€™ [[01;35m[K-Waddress[m[K]
[2.979s]   240 |         [01;35m[Kstd::time[m[K curr_time = scan_msg->header.time;
[2.979s]       |         [01;35m[K~~~~~^~~~[m[K
[2.980s] [01m[K/home/judson35/f1_tenth/sim_ws/src/wall_follow/src/wall_follow_node.cpp:240:14:[m[K [01;35m[Kwarning: [m[Kstatement has no effect [[01;35m[K-Wunused-value[m[K]
[2.984s] In file included from [01m[K/opt/ros/foxy/include/rclcpp/client.hpp:40[m[K,
[2.984s]                  from [01m[K/opt/ros/foxy/include/rclcpp/callback_group.hpp:23[m[K,
[2.984s]                  from [01m[K/opt/ros/foxy/include/rclcpp/any_executable.hpp:20[m[K,
[2.985s]                  from [01m[K/opt/ros/foxy/include/rclcpp/memory_strategy.hpp:24[m[K,
[2.985s]                  from [01m[K/opt/ros/foxy/include/rclcpp/memory_strategies.hpp:18[m[K,
[2.985s]                  from [01m[K/opt/ros/foxy/include/rclcpp/executor_options.hpp:20[m[K,
[2.985s]                  from [01m[K/opt/ros/foxy/include/rclcpp/executor.hpp:33[m[K,
[2.985s]                  from [01m[K/opt/ros/foxy/include/rclcpp/executors/multi_threaded_executor.hpp:26[m[K,
[2.985s]                  from [01m[K/opt/ros/foxy/include/rclcpp/executors.hpp:21[m[K,
[2.985s]                  from [01m[K/opt/ros/foxy/include/rclcpp/rclcpp.hpp:146[m[K,
[2.985s]                  from [01m[K/home/judson35/f1_tenth/sim_ws/src/wall_follow/src/wall_follow_node.cpp:1[m[K:
[2.986s] [01m[K/home/judson35/f1_tenth/sim_ws/src/wall_follow/src/wall_follow_node.cpp:241:47:[m[K [01;31m[Kerror: [m[Kâ€˜[01m[Kcurr_time[m[Kâ€™ was not declared in this scope
[2.986s]   241 |         RCLCPP_INFO(this->get_logger(), "%f", [01;31m[Kcurr_time[m[K - prev_time);
[2.986s]       |                                               [01;31m[K^~~~~~~~~[m[K
[2.988s] [01m[K/home/judson35/f1_tenth/sim_ws/src/wall_follow/src/wall_follow_node.cpp:241:59:[m[K [01;31m[Kerror: [m[Kâ€˜[01m[Kprev_time[m[Kâ€™ was not declared in this scope
[2.988s]   241 |         RCLCPP_INFO(this->get_logger(), "%f", curr_time - [01;31m[Kprev_time[m[K);
[2.989s]       |                                                           [01;31m[K^~~~~~~~~[m[K
[2.989s] [01m[K/home/judson35/f1_tenth/sim_ws/src/wall_follow/src/wall_follow_node.cpp:256:15:[m[K [01;31m[Kerror: [m[Kâ€˜[01m[Kclass WallFollow[m[Kâ€™ has no member named â€˜[01m[Kprev_time[m[Kâ€™
[2.989s]   256 |         this->[01;31m[Kprev_time[m[K = curr_time;
[2.989s]       |               [01;31m[K^~~~~~~~~[m[K
[2.993s] [01m[K/home/judson35/f1_tenth/sim_ws/src/wall_follow/src/wall_follow_node.cpp:256:27:[m[K [01;31m[Kerror: [m[Kâ€˜[01m[Kcurr_time[m[Kâ€™ was not declared in this scope
[2.994s]   256 |         this->prev_time = [01;31m[Kcurr_time[m[K;
[2.994s]       |                           [01;31m[K^~~~~~~~~[m[K
[6.298s] make[2]: *** [CMakeFiles/wall_follow_node.dir/build.make:63: CMakeFiles/wall_follow_node.dir/src/wall_follow_node.cpp.o] Error 1
[6.298s] make[1]: *** [CMakeFiles/Makefile2:78: CMakeFiles/wall_follow_node.dir/all] Error 2
[6.299s] make: *** [Makefile:141: all] Error 2
[6.304s] Invoked command in '/home/judson35/f1_tenth/sim_ws/build/wall_follow' returned '2': CMAKE_PREFIX_PATH=${CMAKE_PREFIX_PATH}:/home/judson35/f1_tenth/sim_ws/install/f1tenth_gym_ros:/opt/ros/foxy /usr/bin/cmake --build /home/judson35/f1_tenth/sim_ws/build/wall_follow -- -j8 -l8
