[0.036s] Invoking command in '/home/judson35/f1_tenth/sim_ws/build/wall_follow': CMAKE_PREFIX_PATH=${CMAKE_PREFIX_PATH}:/home/judson35/f1_tenth/sim_ws/install/f1tenth_gym_ros:/opt/ros/foxy /usr/bin/cmake --build /home/judson35/f1_tenth/sim_ws/build/wall_follow -- -j8 -l8
[0.119s] [35m[1mScanning dependencies of target wall_follow_node[0m
[0.171s] [ 50%] [32mBuilding CXX object CMakeFiles/wall_follow_node.dir/src/wall_follow_node.cpp.o[0m
[2.956s] [01m[K/home/judson35/f1_tenth/sim_ws/src/wall_follow/src/wall_follow_node.cpp:[m[K In member function â€˜[01m[Kvoid WallFollow::scan_callback(sensor_msgs::msg::LaserScan_<std::allocator<void> >::ConstSharedPtr)[m[Kâ€™:
[2.956s] [01m[K/home/judson35/f1_tenth/sim_ws/src/wall_follow/src/wall_follow_node.cpp:139:15:[m[K [01;35m[Kwarning: [m[KISO C++ forbids variable length array â€˜[01m[Kranges[m[Kâ€™ [[01;35m[K-Wvla[m[K]
[2.956s]   139 |         float [01;35m[Kranges[m[K[length];
[2.958s]       |               [01;35m[K^~~~~~[m[K
[2.958s] [01m[K/home/judson35/f1_tenth/sim_ws/src/wall_follow/src/wall_follow_node.cpp:141:94:[m[K [01;31m[Kerror: [m[Kno matching function for call to â€˜[01m[Kbegin(float [length])[m[Kâ€™
[2.958s]   141 | :begin(scan_msg->ranges), std::end(scan_msg->ranges), std::begin(ranges[01;31m[K)[m[K);
[2.958s]       |                                                                        [01;31m[K^[m[K
[2.959s] 
[2.959s] In file included from [01m[K/usr/include/c++/9/utility:76[m[K,
[2.959s]                  from [01m[K/usr/include/c++/9/bits/unique_ptr.h:36[m[K,
[2.959s]                  from [01m[K/usr/include/c++/9/memory:80[m[K,
[2.959s]                  from [01m[K/opt/ros/foxy/include/rclcpp/rclcpp.hpp:144[m[K,
[2.960s]                  from [01m[K/home/judson35/f1_tenth/sim_ws/src/wall_follow/src/wall_follow_node.cpp:1[m[K:
[2.960s] [01m[K/usr/include/c++/9/initializer_list:89:5:[m[K [01;36m[Knote: [m[Kcandidate: â€˜[01m[Ktemplate<class _Tp> constexpr const _Tp* std::begin(std::initializer_list<_Tp>)[m[Kâ€™
[2.960s]    89 |     [01;36m[Kbegin[m[K(initializer_list<_Tp> __ils) noexcept
[2.960s]       |     [01;36m[K^~~~~[m[K
[2.960s] [01m[K/usr/include/c++/9/initializer_list:89:5:[m[K [01;36m[Knote: [m[K  template argument deduction/substitution failed:
[2.961s] [01m[K/home/judson35/f1_tenth/sim_ws/src/wall_follow/src/wall_follow_node.cpp:141:94:[m[K [01;36m[Knote: [m[K  mismatched types â€˜[01m[Kstd::initializer_list<_Tp>[m[Kâ€™ and â€˜[01m[Kfloat*[m[Kâ€™
[2.961s]   141 | :begin(scan_msg->ranges), std::end(scan_msg->ranges), std::begin(ranges[01;36m[K)[m[K);
[2.961s]       |                                                                        [01;36m[K^[m[K
[2.961s] 
[2.962s] In file included from [01m[K/usr/include/c++/9/string:54[m[K,
[2.962s]                  from [01m[K/usr/include/c++/9/stdexcept:39[m[K,
[2.962s]                  from [01m[K/usr/include/c++/9/array:39[m[K,
[2.962s]                  from [01m[K/usr/include/c++/9/tuple:39[m[K,
[2.962s]                  from [01m[K/usr/include/c++/9/bits/unique_ptr.h:37[m[K,
[2.963s]                  from [01m[K/usr/include/c++/9/memory:80[m[K,
[2.963s]                  from [01m[K/opt/ros/foxy/include/rclcpp/rclcpp.hpp:144[m[K,
[2.963s]                  from [01m[K/home/judson35/f1_tenth/sim_ws/src/wall_follow/src/wall_follow_node.cpp:1[m[K:
[2.963s] [01m[K/usr/include/c++/9/bits/range_access.h:48:5:[m[K [01;36m[Knote: [m[Kcandidate: â€˜[01m[Ktemplate<class _Container> decltype (__cont.begin()) std::begin(_Container&)[m[Kâ€™
[2.964s]    48 |     [01;36m[Kbegin[m[K(_Container& __cont) -> decltype(__cont.begin())
[2.964s]       |     [01;36m[K^~~~~[m[K
[2.964s] [01m[K/usr/include/c++/9/bits/range_access.h:48:5:[m[K [01;36m[Knote: [m[K  template argument deduction/substitution failed:
[2.964s] [01m[K/home/judson35/f1_tenth/sim_ws/src/wall_follow/src/wall_follow_node.cpp:141:94:[m[K [01;36m[Knote: [m[K  variable-sized array type â€˜[01m[Kfloat [length][m[Kâ€™ is not a valid template argument
[2.964s]   141 | :begin(scan_msg->ranges), std::end(scan_msg->ranges), std::begin(ranges[01;36m[K)[m[K);
[2.965s]       |                                                                        [01;36m[K^[m[K
[2.965s] 
[2.965s] In file included from [01m[K/usr/include/c++/9/string:54[m[K,
[2.965s]                  from [01m[K/usr/include/c++/9/stdexcept:39[m[K,
[2.966s]                  from [01m[K/usr/include/c++/9/array:39[m[K,
[2.966s]                  from [01m[K/usr/include/c++/9/tuple:39[m[K,
[2.966s]                  from [01m[K/usr/include/c++/9/bits/unique_ptr.h:37[m[K,
[2.966s]                  from [01m[K/usr/include/c++/9/memory:80[m[K,
[2.967s]                  from [01m[K/opt/ros/foxy/include/rclcpp/rclcpp.hpp:144[m[K,
[2.967s]                  from [01m[K/home/judson35/f1_tenth/sim_ws/src/wall_follow/src/wall_follow_node.cpp:1[m[K:
[2.967s] [01m[K/usr/include/c++/9/bits/range_access.h:58:5:[m[K [01;36m[Knote: [m[Kcandidate: â€˜[01m[Ktemplate<class _Container> decltype (__cont.begin()) std::begin(const _Container&)[m[Kâ€™
[2.967s]    58 |     [01;36m[Kbegin[m[K(const _Container& __cont) -> decltype(__cont.begin())
[2.967s]       |     [01;36m[K^~~~~[m[K
[2.968s] [01m[K/usr/include/c++/9/bits/range_access.h:58:5:[m[K [01;36m[Knote: [m[K  template argument deduction/substitution failed:
[2.968s] [01m[K/home/judson35/f1_tenth/sim_ws/src/wall_follow/src/wall_follow_node.cpp:141:94:[m[K [01;36m[Knote: [m[K  variable-sized array type â€˜[01m[Kfloat [length][m[Kâ€™ is not a valid template argument
[2.968s]   141 | :begin(scan_msg->ranges), std::end(scan_msg->ranges), std::begin(ranges[01;36m[K)[m[K);
[2.968s]       |                                                                        [01;36m[K^[m[K
[2.969s] 
[2.969s] In file included from [01m[K/usr/include/c++/9/string:54[m[K,
[2.969s]                  from [01m[K/usr/include/c++/9/stdexcept:39[m[K,
[2.969s]                  from [01m[K/usr/include/c++/9/array:39[m[K,
[2.969s]                  from [01m[K/usr/include/c++/9/tuple:39[m[K,
[2.970s]                  from [01m[K/usr/include/c++/9/bits/unique_ptr.h:37[m[K,
[2.970s]                  from [01m[K/usr/include/c++/9/memory:80[m[K,
[2.970s]                  from [01m[K/opt/ros/foxy/include/rclcpp/rclcpp.hpp:144[m[K,
[2.970s]                  from [01m[K/home/judson35/f1_tenth/sim_ws/src/wall_follow/src/wall_follow_node.cpp:1[m[K:
[2.971s] [01m[K/usr/include/c++/9/bits/range_access.h:87:5:[m[K [01;36m[Knote: [m[Kcandidate: â€˜[01m[Ktemplate<class _Tp, long unsigned int _Nm> constexpr _Tp* std::begin(_Tp (&)[_Nm])[m[Kâ€™
[2.971s]    87 |     [01;36m[Kbegin[m[K(_Tp (&__arr)[_Nm]) noexcept
[2.971s]       |     [01;36m[K^~~~~[m[K
[2.971s] [01m[K/usr/include/c++/9/bits/range_access.h:87:5:[m[K [01;36m[Knote: [m[K  template argument deduction/substitution failed:
[2.971s] [01m[K/home/judson35/f1_tenth/sim_ws/src/wall_follow/src/wall_follow_node.cpp:141:94:[m[K [01;36m[Knote: [m[K  variable-sized array type â€˜[01m[Klong int[m[Kâ€™ is not a valid template argument
[2.972s]   141 | :begin(scan_msg->ranges), std::end(scan_msg->ranges), std::begin(ranges[01;36m[K)[m[K);
[2.972s]       |                                                                        [01;36m[K^[m[K
[2.972s] 
[2.972s] In file included from [01m[K/usr/include/c++/9/string:54[m[K,
[2.973s]                  from [01m[K/usr/include/c++/9/stdexcept:39[m[K,
[2.973s]                  from [01m[K/usr/include/c++/9/array:39[m[K,
[2.973s]                  from [01m[K/usr/include/c++/9/tuple:39[m[K,
[2.973s]                  from [01m[K/usr/include/c++/9/bits/unique_ptr.h:37[m[K,
[2.973s]                  from [01m[K/usr/include/c++/9/memory:80[m[K,
[2.974s]                  from [01m[K/opt/ros/foxy/include/rclcpp/rclcpp.hpp:144[m[K,
[2.974s]                  from [01m[K/home/judson35/f1_tenth/sim_ws/src/wall_follow/src/wall_follow_node.cpp:1[m[K:
[2.974s] [01m[K/usr/include/c++/9/bits/range_access.h:104:31:[m[K [01;36m[Knote: [m[Kcandidate: â€˜[01m[Ktemplate<class _Tp> _Tp* std::begin(std::valarray<_Tp>&)[m[Kâ€™
[2.974s]   104 |   template<typename _Tp> _Tp* [01;36m[Kbegin[m[K(valarray<_Tp>&);
[2.975s]       |                               [01;36m[K^~~~~[m[K
[2.975s] [01m[K/usr/include/c++/9/bits/range_access.h:104:31:[m[K [01;36m[Knote: [m[K  template argument deduction/substitution failed:
[2.975s] [01m[K/home/judson35/f1_tenth/sim_ws/src/wall_follow/src/wall_follow_node.cpp:141:94:[m[K [01;36m[Knote: [m[K  mismatched types â€˜[01m[Kstd::valarray<_Tp>[m[Kâ€™ and â€˜[01m[Kfloat [length][m[Kâ€™
[2.975s]   141 | :begin(scan_msg->ranges), std::end(scan_msg->ranges), std::begin(ranges[01;36m[K)[m[K);
[2.976s]       |                                                                        [01;36m[K^[m[K
[2.976s] 
[2.976s] In file included from [01m[K/usr/include/c++/9/string:54[m[K,
[2.976s]                  from [01m[K/usr/include/c++/9/stdexcept:39[m[K,
[2.976s]                  from [01m[K/usr/include/c++/9/array:39[m[K,
[2.977s]                  from [01m[K/usr/include/c++/9/tuple:39[m[K,
[2.977s]                  from [01m[K/usr/include/c++/9/bits/unique_ptr.h:37[m[K,
[2.977s]                  from [01m[K/usr/include/c++/9/memory:80[m[K,
[2.977s]                  from [01m[K/opt/ros/foxy/include/rclcpp/rclcpp.hpp:144[m[K,
[2.978s]                  from [01m[K/home/judson35/f1_tenth/sim_ws/src/wall_follow/src/wall_follow_node.cpp:1[m[K:
[2.978s] [01m[K/usr/include/c++/9/bits/range_access.h:105:37:[m[K [01;36m[Knote: [m[Kcandidate: â€˜[01m[Ktemplate<class _Tp> const _Tp* std::begin(const std::valarray<_Tp>&)[m[Kâ€™
[2.978s]   105 |   template<typename _Tp> const _Tp* [01;36m[Kbegin[m[K(const valarray<_Tp>&);
[2.978s]       |                                     [01;36m[K^~~~~[m[K
[2.979s] [01m[K/usr/include/c++/9/bits/range_access.h:105:37:[m[K [01;36m[Knote: [m[K  template argument deduction/substitution failed:
[2.979s] [01m[K/home/judson35/f1_tenth/sim_ws/src/wall_follow/src/wall_follow_node.cpp:141:94:[m[K [01;36m[Knote: [m[K  mismatched types â€˜[01m[Kconst std::valarray<_Tp>[m[Kâ€™ and â€˜[01m[Kfloat [length][m[Kâ€™
[2.979s]   141 | :begin(scan_msg->ranges), std::end(scan_msg->ranges), std::begin(ranges[01;36m[K)[m[K);
[2.979s]       |                                                                        [01;36m[K^[m[K
[2.980s] 
[6.410s] make[2]: *** [CMakeFiles/wall_follow_node.dir/build.make:63: CMakeFiles/wall_follow_node.dir/src/wall_follow_node.cpp.o] Error 1
[6.410s] make[1]: *** [CMakeFiles/Makefile2:78: CMakeFiles/wall_follow_node.dir/all] Error 2
[6.411s] make: *** [Makefile:141: all] Error 2
[6.414s] Invoked command in '/home/judson35/f1_tenth/sim_ws/build/wall_follow' returned '2': CMAKE_PREFIX_PATH=${CMAKE_PREFIX_PATH}:/home/judson35/f1_tenth/sim_ws/install/f1tenth_gym_ros:/opt/ros/foxy /usr/bin/cmake --build /home/judson35/f1_tenth/sim_ws/build/wall_follow -- -j8 -l8
