[0.576s] Invoking command in '/home/judson35/f1_tenth/sim_ws/build/wall_follow': CMAKE_PREFIX_PATH=/opt/ros/foxy /usr/bin/cmake --build /home/judson35/f1_tenth/sim_ws/build/wall_follow -- -j8 -l8
[0.641s] [35m[1mScanning dependencies of target wall_follow_node[0m
[0.690s] [ 50%] [32mBuilding CXX object CMakeFiles/wall_follow_node.dir/src/wall_follow_node.cpp.o[0m
[3.359s] [01m[K/home/judson35/f1_tenth/sim_ws/src/wall_follow/src/wall_follow_node.cpp:46:5:[m[K [01;31m[Kerror: [m[Kâ€˜[01m[KRCLCPP[m[Kâ€™ does not name a type
[3.359s]    46 |     [01;31m[KRCLCPP[m[K::Publisher<ackermann_msgs::msg::AckermannDriveStamped>SharedPtr drive_publisher_;
[3.359s]       |     [01;31m[K^~~~~~[m[K
[3.361s] [01m[K/home/judson35/f1_tenth/sim_ws/src/wall_follow/src/wall_follow_node.cpp:47:5:[m[K [01;31m[Kerror: [m[Kâ€˜[01m[KRCLCPP[m[Kâ€™ does not name a type
[3.361s]    47 |     [01;31m[KRCLCPP[m[K::Subscription<sensor_msgs::msgs::LaserScan>SharedPtr scan_subscriber_;
[3.361s]       |     [01;31m[K^~~~~~[m[K
[3.367s] [01m[K/home/judson35/f1_tenth/sim_ws/src/wall_follow/src/wall_follow_node.cpp:[m[K In constructor â€˜[01m[KWallFollow::WallFollow()[m[Kâ€™:
[3.367s] [01m[K/home/judson35/f1_tenth/sim_ws/src/wall_follow/src/wall_follow_node.cpp:13:9:[m[K [01;31m[Kerror: [m[Kâ€˜[01m[Kdrive_publisher_[m[Kâ€™ was not declared in this scope; did you mean â€˜[01m[Kcreate_publisher[m[Kâ€™?
[3.367s]    13 |         [01;31m[Kdrive_publisher_[m[K = this->create_publisher<ackermann_msgs::msg::AckermannDriveStamped>(drive_topic, 1);
[3.367s]       |         [01;31m[K^~~~~~~~~~~~~~~~[m[K
[3.368s]       |         [32m[Kcreate_publisher[m[K
[3.379s] [01m[K/home/judson35/f1_tenth/sim_ws/src/wall_follow/src/wall_follow_node.cpp:15:9:[m[K [01;31m[Kerror: [m[Kâ€˜[01m[Kscan_subscriber_[m[Kâ€™ was not declared in this scope; did you mean â€˜[01m[Kcount_subscribers[m[Kâ€™?
[3.379s]    15 |         [01;31m[Kscan_subscriber_[m[K = this->create_subscription<sensor_msgs::msg::LaserScan>(lidarscan_topic, 1, std::bind(&WallFollow::scan_callback, this, _1));
[3.379s]       |         [01;31m[K^~~~~~~~~~~~~~~~[m[K
[3.379s]       |         [32m[Kcount_subscribers[m[K
[3.379s] [01m[K/home/judson35/f1_tenth/sim_ws/src/wall_follow/src/wall_follow_node.cpp:15:147:[m[K [01;31m[Kerror: [m[Kâ€˜[01m[K_1[m[Kâ€™ was not declared in this scope; did you mean â€˜[01m[Kstd::placeholders::_1[m[Kâ€™?
[3.380s]    15 |         scan_subscriber_ = this->create_subscription<sensor_msgs::msg::LaserScan>(lidarscan_topic, 1, std::bind(&WallFollow::scan_callback, this, [01;31m[K_1[m[K));
[3.380s]       |                                                                                                                                                   [01;31m[K^~[m[K
[3.380s]       |                                                                                                                                                   [32m[Kstd::placeholders::_1[m[K
[3.380s] In file included from [01m[K/opt/ros/foxy/include/rclcpp/context.hpp:19[m[K,
[3.380s]                  from [01m[K/opt/ros/foxy/include/rclcpp/contexts/default_context.hpp:18[m[K,
[3.380s]                  from [01m[K/opt/ros/foxy/include/rclcpp/executor.hpp:32[m[K,
[3.381s]                  from [01m[K/opt/ros/foxy/include/rclcpp/executors/multi_threaded_executor.hpp:26[m[K,
[3.381s]                  from [01m[K/opt/ros/foxy/include/rclcpp/executors.hpp:21[m[K,
[3.381s]                  from [01m[K/opt/ros/foxy/include/rclcpp/rclcpp.hpp:146[m[K,
[3.381s]                  from [01m[K/home/judson35/f1_tenth/sim_ws/src/wall_follow/src/wall_follow_node.cpp:1[m[K:
[3.381s] [01m[K/usr/include/c++/9/functional:211:34:[m[K [01;36m[Knote: [m[Kâ€˜[01m[Kstd::placeholders::_1[m[Kâ€™ declared here
[3.381s]   211 |     extern const _Placeholder<1> [01;36m[K_1[m[K;
[3.381s]       |                                  [01;36m[K^~[m[K
[3.383s] [01m[K/home/judson35/f1_tenth/sim_ws/src/wall_follow/src/wall_follow_node.cpp:17:9:[m[K [01;31m[Kerror: [m[Kâ€˜[01m[Ktimer_[m[Kâ€™ was not declared in this scope; did you mean â€˜[01m[Ktimer_t[m[Kâ€™?
[3.383s]    17 |         [01;31m[Ktimer_[m[K = this->create_wall_timer(1ms, std::bind(&MinimalParam::timer_callback, this));
[3.383s]       |         [01;31m[K^~~~~~[m[K
[3.383s]       |         [32m[Ktimer_t[m[K
[3.383s] [01m[K/home/judson35/f1_tenth/sim_ws/src/wall_follow/src/wall_follow_node.cpp:17:42:[m[K [01;31m[Kerror: [m[Kunable to find numeric literal operator â€˜[01m[Koperator""ms[m[Kâ€™
[3.384s]    17 |         timer_ = this->create_wall_timer([01;31m[K1ms[m[K, std::bind(&MinimalParam::timer_callback, this));
[3.384s]       |                                          [01;31m[K^~~[m[K
[3.384s] [01m[K/home/judson35/f1_tenth/sim_ws/src/wall_follow/src/wall_follow_node.cpp:17:58:[m[K [01;31m[Kerror: [m[Kâ€˜[01m[KMinimalParam[m[Kâ€™ has not been declared
[3.384s]    17 |         timer_ = this->create_wall_timer(1ms, std::bind(&[01;31m[KMinimalParam[m[K::timer_callback, this));
[3.384s]       |                                                          [01;31m[K^~~~~~~~~~~~[m[K
[3.391s] [01m[K/home/judson35/f1_tenth/sim_ws/src/wall_follow/src/wall_follow_node.cpp:[m[K In member function â€˜[01m[Kvoid WallFollow::pid_control(double, double)[m[Kâ€™:
[3.391s] [01m[K/home/judson35/f1_tenth/sim_ws/src/wall_follow/src/wall_follow_node.cpp:100:9:[m[K [01;31m[Kerror: [m[Kâ€˜[01m[Kderivative[m[Kâ€™ was not declared in this scope
[3.391s]   100 |         [01;31m[Kderivative[m[K = kd * (error - prev_error) / dt;
[3.391s]       |         [01;31m[K^~~~~~~~~~[m[K
[3.397s] [01m[K/home/judson35/f1_tenth/sim_ws/src/wall_follow/src/wall_follow_node.cpp:102:9:[m[K [01;31m[Kerror: [m[Kâ€˜[01m[Ksteering_angle[m[Kâ€™ was not declared in this scope
[3.397s]   102 |         [01;31m[Ksteering_angle[m[K = (kp * error) + integral + derivative;
[3.398s]       |         [01;31m[K^~~~~~~~~~~~~~[m[K
[3.398s] [01m[K/home/judson35/f1_tenth/sim_ws/src/wall_follow/src/wall_follow_node.cpp:108:15:[m[K [01;31m[Kerror: [m[Kâ€˜[01m[Kclass WallFollow[m[Kâ€™ has no member named â€˜[01m[Kdrive_publisher_[m[Kâ€™; did you mean â€˜[01m[Kcreate_publisher[m[Kâ€™?
[3.398s]   108 |         this->[01;31m[Kdrive_publisher_[m[K->publish(drive_msg);
[3.398s]       |               [01;31m[K^~~~~~~~~~~~~~~~[m[K
[3.399s]       |               [32m[Kcreate_publisher[m[K
[3.399s] [01m[K/home/judson35/f1_tenth/sim_ws/src/wall_follow/src/wall_follow_node.cpp:97:16:[m[K [01;35m[Kwarning: [m[Kunused variable â€˜[01m[Kangle[m[Kâ€™ [[01;35m[K-Wunused-variable[m[K]
[3.399s]    97 |         double [01;35m[Kangle[m[K = 0.0;
[3.399s]       |                [01;35m[K^~~~~[m[K
[3.399s] [01m[K/home/judson35/f1_tenth/sim_ws/src/wall_follow/src/wall_follow_node.cpp:85:43:[m[K [01;35m[Kwarning: [m[Kunused parameter â€˜[01m[Kvelocity[m[Kâ€™ [[01;35m[K-Wunused-parameter[m[K]
[3.400s]    85 |     void pid_control(double error, [01;35m[Kdouble velocity[m[K)
[3.400s]       |                                    [01;35m[K~~~~~~~^~~~~~~~[m[K
[4.572s] make[2]: *** [CMakeFiles/wall_follow_node.dir/build.make:63: CMakeFiles/wall_follow_node.dir/src/wall_follow_node.cpp.o] Error 1
[4.572s] make[1]: *** [CMakeFiles/Makefile2:78: CMakeFiles/wall_follow_node.dir/all] Error 2
[4.573s] make: *** [Makefile:141: all] Error 2
[4.578s] Invoked command in '/home/judson35/f1_tenth/sim_ws/build/wall_follow' returned '2': CMAKE_PREFIX_PATH=/opt/ros/foxy /usr/bin/cmake --build /home/judson35/f1_tenth/sim_ws/build/wall_follow -- -j8 -l8
