[35m[1mScanning dependencies of target wall_follow_node[0m
[ 50%] [32mBuilding CXX object CMakeFiles/wall_follow_node.dir/src/wall_follow_node.cpp.o[0m
[01m[K/home/judson35/f1_tenth/sim_ws/src/wall_follow/src/wall_follow_node.cpp:[m[K In constructor â€˜[01m[KWallFollow::WallFollow()[m[Kâ€™:
[01m[K/home/judson35/f1_tenth/sim_ws/src/wall_follow/src/wall_follow_node.cpp:15:147:[m[K [01;31m[Kerror: [m[Kâ€˜[01m[K_1[m[Kâ€™ was not declared in this scope; did you mean â€˜[01m[Kstd::placeholders::_1[m[Kâ€™?
   15 |         scan_subscriber_ = this->create_subscription<sensor_msgs::msg::LaserScan>(lidarscan_topic, 1, std::bind(&WallFollow::scan_callback, this, [01;31m[K_1[m[K));
      |                                                                                                                                                   [01;31m[K^~[m[K
      |                                                                                                                                                   [32m[Kstd::placeholders::_1[m[K
In file included from [01m[K/opt/ros/foxy/include/rclcpp/context.hpp:19[m[K,
                 from [01m[K/opt/ros/foxy/include/rclcpp/contexts/default_context.hpp:18[m[K,
                 from [01m[K/opt/ros/foxy/include/rclcpp/executor.hpp:32[m[K,
                 from [01m[K/opt/ros/foxy/include/rclcpp/executors/multi_threaded_executor.hpp:26[m[K,
                 from [01m[K/opt/ros/foxy/include/rclcpp/executors.hpp:21[m[K,
                 from [01m[K/opt/ros/foxy/include/rclcpp/rclcpp.hpp:146[m[K,
                 from [01m[K/home/judson35/f1_tenth/sim_ws/src/wall_follow/src/wall_follow_node.cpp:1[m[K:
[01m[K/usr/include/c++/9/functional:211:34:[m[K [01;36m[Knote: [m[Kâ€˜[01m[Kstd::placeholders::_1[m[Kâ€™ declared here
  211 |     extern const _Placeholder<1> [01;36m[K_1[m[K;
      |                                  [01;36m[K^~[m[K
[01m[K/home/judson35/f1_tenth/sim_ws/src/wall_follow/src/wall_follow_node.cpp:[m[K In member function â€˜[01m[Kvoid WallFollow::pid_control(double, double)[m[Kâ€™:
[01m[K/home/judson35/f1_tenth/sim_ws/src/wall_follow/src/wall_follow_node.cpp:101:9:[m[K [01;31m[Kerror: [m[Kâ€˜[01m[Kderivative[m[Kâ€™ was not declared in this scope
  101 |         [01;31m[Kderivative[m[K = kd * (error - prev_error) / dt;
      |         [01;31m[K^~~~~~~~~~[m[K
[01m[K/home/judson35/f1_tenth/sim_ws/src/wall_follow/src/wall_follow_node.cpp:103:9:[m[K [01;31m[Kerror: [m[Kâ€˜[01m[Ksteering_angle[m[Kâ€™ was not declared in this scope
  103 |         [01;31m[Ksteering_angle[m[K = (kp * error) + integral + derivative;
      |         [01;31m[K^~~~~~~~~~~~~~[m[K
[01m[K/home/judson35/f1_tenth/sim_ws/src/wall_follow/src/wall_follow_node.cpp:98:16:[m[K [01;35m[Kwarning: [m[Kunused variable â€˜[01m[Kangle[m[Kâ€™ [[01;35m[K-Wunused-variable[m[K]
   98 |         double [01;35m[Kangle[m[K = 0.0;
      |                [01;35m[K^~~~~[m[K
[01m[K/home/judson35/f1_tenth/sim_ws/src/wall_follow/src/wall_follow_node.cpp:86:43:[m[K [01;35m[Kwarning: [m[Kunused parameter â€˜[01m[Kvelocity[m[Kâ€™ [[01;35m[K-Wunused-parameter[m[K]
   86 |     void pid_control(double error, [01;35m[Kdouble velocity[m[K)
      |                                    [01;35m[K~~~~~~~^~~~~~~~[m[K
make[2]: *** [CMakeFiles/wall_follow_node.dir/build.make:63: CMakeFiles/wall_follow_node.dir/src/wall_follow_node.cpp.o] Error 1
make[1]: *** [CMakeFiles/Makefile2:78: CMakeFiles/wall_follow_node.dir/all] Error 2
make: *** [Makefile:141: all] Error 2
