[35m[1mScanning dependencies of target wall_follow_node[0m
[ 50%] [32mBuilding CXX object CMakeFiles/wall_follow_node.dir/src/wall_follow_node.cpp.o[0m
[01m[K/home/judson35/f1_tenth/sim_ws/src/wall_follow/src/wall_follow_node.cpp:[m[K In member function â€˜[01m[Kdouble WallFollow::get_range(std::vector<float>, double)[m[Kâ€™:
[01m[K/home/judson35/f1_tenth/sim_ws/src/wall_follow/src/wall_follow_node.cpp:70:34:[m[K [01;31m[Kerror: [m[Kâ€˜[01m[Kscan_angle_range[m[Kâ€™ was not declared in this scope; did you mean â€˜[01m[Kscan_angle_min[m[Kâ€™?
   70 |         return range_data[(int)(([01;31m[Kscan_angle_range[m[K - (angle - scan_angle_min)) / scan_angle_range)];
      |                                  [01;31m[K^~~~~~~~~~~~~~~~[m[K
      |                                  [32m[Kscan_angle_min[m[K
[01m[K/home/judson35/f1_tenth/sim_ws/src/wall_follow/src/wall_follow_node.cpp:[m[K In member function â€˜[01m[Kvoid WallFollow::scan_callback(sensor_msgs::msg::LaserScan_<std::allocator<void> >::ConstSharedPtr)[m[Kâ€™:
[01m[K/home/judson35/f1_tenth/sim_ws/src/wall_follow/src/wall_follow_node.cpp:141:16:[m[K [01;35m[Kwarning: [m[Kunused variable â€˜[01m[Kvelocity[m[Kâ€™ [[01;35m[K-Wunused-variable[m[K]
  141 |         double [01;35m[Kvelocity[m[K = 0.0; // TODO: calculate desired car velocity based on error
      |                [01;35m[K^~~~~~~~[m[K
make[2]: *** [CMakeFiles/wall_follow_node.dir/build.make:63: CMakeFiles/wall_follow_node.dir/src/wall_follow_node.cpp.o] Error 1
make[1]: *** [CMakeFiles/Makefile2:78: CMakeFiles/wall_follow_node.dir/all] Error 2
make: *** [Makefile:141: all] Error 2
