[0.021s] Invoking command in '/home/judson35/f1_tenth/sim_ws/build/safety_node': CMAKE_PREFIX_PATH=/opt/ros/foxy /usr/bin/cmake --build /home/judson35/f1_tenth/sim_ws/build/safety_node -- -j8 -l8
[0.091s] [35m[1mScanning dependencies of target safety_node[0m
[0.139s] [ 50%] [32mBuilding CXX object CMakeFiles/safety_node.dir/src/safety_node.cpp.o[0m
[2.538s] [01m[K/home/judson35/f1_tenth/sim_ws/src/safety_node/src/safety_node.cpp:[m[K In member function â€˜[01m[Kvoid Safety::drive_callback(nav_msgs::msg::Odometry_<std::allocator<void> >::ConstSharedPtr)[m[Kâ€™:
[2.538s] [01m[K/home/judson35/f1_tenth/sim_ws/src/safety_node/src/safety_node.cpp:43:21:[m[K [01;31m[Kerror: [m[Kâ€˜[01m[Kconst ConstSharedPtr[m[Kâ€™ {aka â€˜[01m[Kconst class std::shared_ptr<const nav_msgs::msg::Odometry_<std::allocator<void> > >[m[Kâ€™} has no member named â€˜[01m[Ktwist[m[Kâ€™
[2.538s]    43 |         speed = msg.[01;31m[Ktwist[m[K.twist.linear.x;
[2.539s]       |                     [01;31m[K^~~~~[m[K
[2.542s] [01m[K/home/judson35/f1_tenth/sim_ws/src/safety_node/src/safety_node.cpp:[m[K In member function â€˜[01m[Kvoid Safety::scan_callback(sensor_msgs::msg::LaserScan_<std::allocator<void> >::ConstSharedPtr)[m[Kâ€™:
[2.543s] [01m[K/home/judson35/f1_tenth/sim_ws/src/safety_node/src/safety_node.cpp:48:32:[m[K [01;31m[Kerror: [m[Kâ€˜[01m[Kconst ConstSharedPtr[m[Kâ€™ {aka â€˜[01m[Kconst class std::shared_ptr<const sensor_msgs::msg::LaserScan_<std::allocator<void> > >[m[Kâ€™} has no member named â€˜[01m[Kangle_max[m[Kâ€™
[2.543s]    48 |         float range = scan_msg.[01;31m[Kangle_max[m[K - scan_msg.angle_min;
[2.543s]       |                                [01;31m[K^~~~~~~~~[m[K
[2.543s] [01m[K/home/judson35/f1_tenth/sim_ws/src/safety_node/src/safety_node.cpp:48:53:[m[K [01;31m[Kerror: [m[Kâ€˜[01m[Kconst ConstSharedPtr[m[Kâ€™ {aka â€˜[01m[Kconst class std::shared_ptr<const sensor_msgs::msg::LaserScan_<std::allocator<void> > >[m[Kâ€™} has no member named â€˜[01m[Kangle_min[m[Kâ€™
[2.543s]    48 |         float range = scan_msg.angle_max - scan_msg.[01;31m[Kangle_min[m[K;
[2.543s]       |                                                     [01;31m[K^~~~~~~~~[m[K
[2.544s] [01m[K/home/judson35/f1_tenth/sim_ws/src/safety_node/src/safety_node.cpp:49:38:[m[K [01;31m[Kerror: [m[Kâ€˜[01m[Kconst ConstSharedPtr[m[Kâ€™ {aka â€˜[01m[Kconst class std::shared_ptr<const sensor_msgs::msg::LaserScan_<std::allocator<void> > >[m[Kâ€™} has no member named â€˜[01m[Kranges[m[Kâ€™
[2.544s]    49 |         int length = sizeof(scan_msg.[01;31m[Kranges[m[K)/sizeof(scan_msg.ranges[0]);
[2.544s]       |                                      [01;31m[K^~~~~~[m[K
[2.544s] [01m[K/home/judson35/f1_tenth/sim_ws/src/safety_node/src/safety_node.cpp:49:62:[m[K [01;31m[Kerror: [m[Kâ€˜[01m[Kconst ConstSharedPtr[m[Kâ€™ {aka â€˜[01m[Kconst class std::shared_ptr<const sensor_msgs::msg::LaserScan_<std::allocator<void> > >[m[Kâ€™} has no member named â€˜[01m[Kranges[m[Kâ€™
[2.544s]    49 |         int length = sizeof(scan_msg.ranges)/sizeof(scan_msg.[01;31m[Kranges[m[K[0]);
[2.544s]       |                                                              [01;31m[K^~~~~~[m[K
[2.544s] [01m[K/home/judson35/f1_tenth/sim_ws/src/safety_node/src/safety_node.cpp:52:54:[m[K [01;31m[Kerror: [m[Kâ€˜[01m[Kconst ConstSharedPtr[m[Kâ€™ {aka â€˜[01m[Kconst class std::shared_ptr<const sensor_msgs::msg::LaserScan_<std::allocator<void> > >[m[Kâ€™} has no member named â€˜[01m[Kangle_min[m[Kâ€™
[2.544s]    52 |             float r_dot = this->speed * cos(scan_msg.[01;31m[Kangle_min[m[K + i*scan_msg.angle_increment);
[2.544s]       |                                                      [01;31m[K^~~~~~~~~[m[K
[2.545s] [01m[K/home/judson35/f1_tenth/sim_ws/src/safety_node/src/safety_node.cpp:52:77:[m[K [01;31m[Kerror: [m[Kâ€˜[01m[Kconst ConstSharedPtr[m[Kâ€™ {aka â€˜[01m[Kconst class std::shared_ptr<const sensor_msgs::msg::LaserScan_<std::allocator<void> > >[m[Kâ€™} has no member named â€˜[01m[Kangle_increment[m[Kâ€™
[2.545s]    52 | oat r_dot = this->speed * cos(scan_msg.angle_min + i*scan_msg.[01;31m[Kangle_increment[m[K);
[2.545s]       |                                                               [01;31m[K^~~~~~~~~~~~~~~[m[K
[2.545s] 
[2.545s] [01m[K/home/judson35/f1_tenth/sim_ws/src/safety_node/src/safety_node.cpp:53:38:[m[K [01;31m[Kerror: [m[Kâ€˜[01m[Kconst ConstSharedPtr[m[Kâ€™ {aka â€˜[01m[Kconst class std::shared_ptr<const sensor_msgs::msg::LaserScan_<std::allocator<void> > >[m[Kâ€™} has no member named â€˜[01m[Kranges[m[Kâ€™
[2.545s]    53 |             iTTC = std::min(scan_msg.[01;31m[Kranges[m[K[i] / std::max(r_dot, 0.0f), iTTC);
[2.545s]       |                                      [01;31m[K^~~~~~[m[K
[2.554s] [01m[K/home/judson35/f1_tenth/sim_ws/src/safety_node/src/safety_node.cpp:48:15:[m[K [01;35m[Kwarning: [m[Kunused variable â€˜[01m[Krange[m[Kâ€™ [[01;35m[K-Wunused-variable[m[K]
[2.554s]    48 |         float [01;35m[Krange[m[K = scan_msg.angle_max - scan_msg.angle_min;
[2.554s]       |               [01;35m[K^~~~~[m[K
[5.975s] make[2]: *** [CMakeFiles/safety_node.dir/build.make:63: CMakeFiles/safety_node.dir/src/safety_node.cpp.o] Error 1
[5.975s] make[1]: *** [CMakeFiles/Makefile2:78: CMakeFiles/safety_node.dir/all] Error 2
[5.976s] make: *** [Makefile:141: all] Error 2
[5.978s] Invoked command in '/home/judson35/f1_tenth/sim_ws/build/safety_node' returned '2': CMAKE_PREFIX_PATH=/opt/ros/foxy /usr/bin/cmake --build /home/judson35/f1_tenth/sim_ws/build/safety_node -- -j8 -l8
