[01m[K/home/judson35/f1_tenth/sim_ws/src/wall_follow/src/wall_follow_node.cpp:[m[K In member function â€˜[01m[Kvoid WallFollow::pid_control(double, double)[m[Kâ€™:
[01m[K/home/judson35/f1_tenth/sim_ws/src/wall_follow/src/wall_follow_node.cpp:103:9:[m[K [01;31m[Kerror: [m[Kâ€˜[01m[Kderivative[m[Kâ€™ was not declared in this scope
  103 |         [01;31m[Kderivative[m[K = kd * (error - prev_error) / dt;
      |         [01;31m[K^~~~~~~~~~[m[K
[01m[K/home/judson35/f1_tenth/sim_ws/src/wall_follow/src/wall_follow_node.cpp:105:9:[m[K [01;31m[Kerror: [m[Kâ€˜[01m[Ksteering_angle[m[Kâ€™ was not declared in this scope
  105 |         [01;31m[Ksteering_angle[m[K = (kp * error) + integral + derivative;
      |         [01;31m[K^~~~~~~~~~~~~~[m[K
[01m[K/home/judson35/f1_tenth/sim_ws/src/wall_follow/src/wall_follow_node.cpp:100:16:[m[K [01;35m[Kwarning: [m[Kunused variable â€˜[01m[Kangle[m[Kâ€™ [[01;35m[K-Wunused-variable[m[K]
  100 |         double [01;35m[Kangle[m[K = 0.0;
      |                [01;35m[K^~~~~[m[K
[01m[K/home/judson35/f1_tenth/sim_ws/src/wall_follow/src/wall_follow_node.cpp:88:43:[m[K [01;35m[Kwarning: [m[Kunused parameter â€˜[01m[Kvelocity[m[Kâ€™ [[01;35m[K-Wunused-parameter[m[K]
   88 |     void pid_control(double error, [01;35m[Kdouble velocity[m[K)
      |                                    [01;35m[K~~~~~~~^~~~~~~~[m[K
make[2]: *** [CMakeFiles/wall_follow_node.dir/build.make:63: CMakeFiles/wall_follow_node.dir/src/wall_follow_node.cpp.o] Error 1
make[1]: *** [CMakeFiles/Makefile2:78: CMakeFiles/wall_follow_node.dir/all] Error 2
make: *** [Makefile:141: all] Error 2
