[0.028s] Invoking command in '/home/judson35/f1_tenth/sim_ws/build/wall_follow': CMAKE_PREFIX_PATH=${CMAKE_PREFIX_PATH}:/home/judson35/f1_tenth/sim_ws/install/f1tenth_gym_ros:/opt/ros/foxy /usr/bin/cmake --build /home/judson35/f1_tenth/sim_ws/build/wall_follow -- -j8 -l8
[0.109s] [35m[1mScanning dependencies of target wall_follow_node[0m
[0.167s] [ 50%] [32mBuilding CXX object CMakeFiles/wall_follow_node.dir/src/wall_follow_node.cpp.o[0m
[2.998s] [01m[K/home/judson35/f1_tenth/sim_ws/src/wall_follow/src/wall_follow_node.cpp:[m[K In member function â€˜[01m[Kvoid WallFollow::scan_callback(sensor_msgs::msg::LaserScan_<std::allocator<void> >::ConstSharedPtr)[m[Kâ€™:
[2.999s] [01m[K/home/judson35/f1_tenth/sim_ws/src/wall_follow/src/wall_follow_node.cpp:139:15:[m[K [01;35m[Kwarning: [m[KISO C++ forbids variable length array â€˜[01m[Kranges[m[Kâ€™ [[01;35m[K-Wvla[m[K]
[2.999s]   139 |         float [01;35m[Kranges[m[K[length];
[3.000s]       |               [01;35m[K^~~~~~[m[K
[3.000s] [01m[K/home/judson35/f1_tenth/sim_ws/src/wall_follow/src/wall_follow_node.cpp:141:94:[m[K [01;31m[Kerror: [m[Kno matching function for call to â€˜[01m[Kbegin(float [length])[m[Kâ€™
[3.000s]   141 | :begin(scan_msg->ranges), std::end(scan_msg->ranges), std::begin(ranges[01;31m[K)[m[K);
[3.000s]       |                                                                        [01;31m[K^[m[K
[3.001s] 
[3.001s] In file included from [01m[K/usr/include/c++/9/utility:76[m[K,
[3.001s]                  from [01m[K/usr/include/c++/9/bits/unique_ptr.h:36[m[K,
[3.001s]                  from [01m[K/usr/include/c++/9/memory:80[m[K,
[3.001s]                  from [01m[K/opt/ros/foxy/include/rclcpp/rclcpp.hpp:144[m[K,
[3.001s]                  from [01m[K/home/judson35/f1_tenth/sim_ws/src/wall_follow/src/wall_follow_node.cpp:1[m[K:
[3.002s] [01m[K/usr/include/c++/9/initializer_list:89:5:[m[K [01;36m[Knote: [m[Kcandidate: â€˜[01m[Ktemplate<class _Tp> constexpr const _Tp* std::begin(std::initializer_list<_Tp>)[m[Kâ€™
[3.002s]    89 |     [01;36m[Kbegin[m[K(initializer_list<_Tp> __ils) noexcept
[3.002s]       |     [01;36m[K^~~~~[m[K
[3.003s] [01m[K/usr/include/c++/9/initializer_list:89:5:[m[K [01;36m[Knote: [m[K  template argument deduction/substitution failed:
[3.003s] [01m[K/home/judson35/f1_tenth/sim_ws/src/wall_follow/src/wall_follow_node.cpp:141:94:[m[K [01;36m[Knote: [m[K  mismatched types â€˜[01m[Kstd::initializer_list<_Tp>[m[Kâ€™ and â€˜[01m[Kfloat*[m[Kâ€™
[3.003s]   141 | :begin(scan_msg->ranges), std::end(scan_msg->ranges), std::begin(ranges[01;36m[K)[m[K);
[3.003s]       |                                                                        [01;36m[K^[m[K
[3.003s] 
[3.004s] In file included from [01m[K/usr/include/c++/9/string:54[m[K,
[3.004s]                  from [01m[K/usr/include/c++/9/stdexcept:39[m[K,
[3.004s]                  from [01m[K/usr/include/c++/9/array:39[m[K,
[3.004s]                  from [01m[K/usr/include/c++/9/tuple:39[m[K,
[3.005s]                  from [01m[K/usr/include/c++/9/bits/unique_ptr.h:37[m[K,
[3.005s]                  from [01m[K/usr/include/c++/9/memory:80[m[K,
[3.005s]                  from [01m[K/opt/ros/foxy/include/rclcpp/rclcpp.hpp:144[m[K,
[3.005s]                  from [01m[K/home/judson35/f1_tenth/sim_ws/src/wall_follow/src/wall_follow_node.cpp:1[m[K:
[3.005s] [01m[K/usr/include/c++/9/bits/range_access.h:48:5:[m[K [01;36m[Knote: [m[Kcandidate: â€˜[01m[Ktemplate<class _Container> decltype (__cont.begin()) std::begin(_Container&)[m[Kâ€™
[3.005s]    48 |     [01;36m[Kbegin[m[K(_Container& __cont) -> decltype(__cont.begin())
[3.006s]       |     [01;36m[K^~~~~[m[K
[3.006s] [01m[K/usr/include/c++/9/bits/range_access.h:48:5:[m[K [01;36m[Knote: [m[K  template argument deduction/substitution failed:
[3.006s] [01m[K/home/judson35/f1_tenth/sim_ws/src/wall_follow/src/wall_follow_node.cpp:141:94:[m[K [01;36m[Knote: [m[K  variable-sized array type â€˜[01m[Kfloat [length][m[Kâ€™ is not a valid template argument
[3.006s]   141 | :begin(scan_msg->ranges), std::end(scan_msg->ranges), std::begin(ranges[01;36m[K)[m[K);
[3.007s]       |                                                                        [01;36m[K^[m[K
[3.007s] 
[3.007s] In file included from [01m[K/usr/include/c++/9/string:54[m[K,
[3.007s]                  from [01m[K/usr/include/c++/9/stdexcept:39[m[K,
[3.007s]                  from [01m[K/usr/include/c++/9/array:39[m[K,
[3.007s]                  from [01m[K/usr/include/c++/9/tuple:39[m[K,
[3.007s]                  from [01m[K/usr/include/c++/9/bits/unique_ptr.h:37[m[K,
[3.008s]                  from [01m[K/usr/include/c++/9/memory:80[m[K,
[3.008s]                  from [01m[K/opt/ros/foxy/include/rclcpp/rclcpp.hpp:144[m[K,
[3.008s]                  from [01m[K/home/judson35/f1_tenth/sim_ws/src/wall_follow/src/wall_follow_node.cpp:1[m[K:
[3.008s] [01m[K/usr/include/c++/9/bits/range_access.h:58:5:[m[K [01;36m[Knote: [m[Kcandidate: â€˜[01m[Ktemplate<class _Container> decltype (__cont.begin()) std::begin(const _Container&)[m[Kâ€™
[3.008s]    58 |     [01;36m[Kbegin[m[K(const _Container& __cont) -> decltype(__cont.begin())
[3.008s]       |     [01;36m[K^~~~~[m[K
[3.008s] [01m[K/usr/include/c++/9/bits/range_access.h:58:5:[m[K [01;36m[Knote: [m[K  template argument deduction/substitution failed:
[3.008s] [01m[K/home/judson35/f1_tenth/sim_ws/src/wall_follow/src/wall_follow_node.cpp:141:94:[m[K [01;36m[Knote: [m[K  variable-sized array type â€˜[01m[Kfloat [length][m[Kâ€™ is not a valid template argument
[3.008s]   141 | :begin(scan_msg->ranges), std::end(scan_msg->ranges), std::begin(ranges[01;36m[K)[m[K);
[3.009s]       |                                                                        [01;36m[K^[m[K
[3.009s] 
[3.009s] In file included from [01m[K/usr/include/c++/9/string:54[m[K,
[3.009s]                  from [01m[K/usr/include/c++/9/stdexcept:39[m[K,
[3.009s]                  from [01m[K/usr/include/c++/9/array:39[m[K,
[3.010s]                  from [01m[K/usr/include/c++/9/tuple:39[m[K,
[3.010s]                  from [01m[K/usr/include/c++/9/bits/unique_ptr.h:37[m[K,
[3.010s]                  from [01m[K/usr/include/c++/9/memory:80[m[K,
[3.010s]                  from [01m[K/opt/ros/foxy/include/rclcpp/rclcpp.hpp:144[m[K,
[3.011s]                  from [01m[K/home/judson35/f1_tenth/sim_ws/src/wall_follow/src/wall_follow_node.cpp:1[m[K:
[3.011s] [01m[K/usr/include/c++/9/bits/range_access.h:87:5:[m[K [01;36m[Knote: [m[Kcandidate: â€˜[01m[Ktemplate<class _Tp, long unsigned int _Nm> constexpr _Tp* std::begin(_Tp (&)[_Nm])[m[Kâ€™
[3.011s]    87 |     [01;36m[Kbegin[m[K(_Tp (&__arr)[_Nm]) noexcept
[3.011s]       |     [01;36m[K^~~~~[m[K
[3.011s] [01m[K/usr/include/c++/9/bits/range_access.h:87:5:[m[K [01;36m[Knote: [m[K  template argument deduction/substitution failed:
[3.011s] [01m[K/home/judson35/f1_tenth/sim_ws/src/wall_follow/src/wall_follow_node.cpp:141:94:[m[K [01;36m[Knote: [m[K  variable-sized array type â€˜[01m[Klong int[m[Kâ€™ is not a valid template argument
[3.011s]   141 | :begin(scan_msg->ranges), std::end(scan_msg->ranges), std::begin(ranges[01;36m[K)[m[K);
[3.012s]       |                                                                        [01;36m[K^[m[K
[3.012s] 
[3.012s] In file included from [01m[K/usr/include/c++/9/string:54[m[K,
[3.012s]                  from [01m[K/usr/include/c++/9/stdexcept:39[m[K,
[3.012s]                  from [01m[K/usr/include/c++/9/array:39[m[K,
[3.012s]                  from [01m[K/usr/include/c++/9/tuple:39[m[K,
[3.012s]                  from [01m[K/usr/include/c++/9/bits/unique_ptr.h:37[m[K,
[3.012s]                  from [01m[K/usr/include/c++/9/memory:80[m[K,
[3.012s]                  from [01m[K/opt/ros/foxy/include/rclcpp/rclcpp.hpp:144[m[K,
[3.013s]                  from [01m[K/home/judson35/f1_tenth/sim_ws/src/wall_follow/src/wall_follow_node.cpp:1[m[K:
[3.013s] [01m[K/usr/include/c++/9/bits/range_access.h:104:31:[m[K [01;36m[Knote: [m[Kcandidate: â€˜[01m[Ktemplate<class _Tp> _Tp* std::begin(std::valarray<_Tp>&)[m[Kâ€™
[3.013s]   104 |   template<typename _Tp> _Tp* [01;36m[Kbegin[m[K(valarray<_Tp>&);
[3.013s]       |                               [01;36m[K^~~~~[m[K
[3.013s] [01m[K/usr/include/c++/9/bits/range_access.h:104:31:[m[K [01;36m[Knote: [m[K  template argument deduction/substitution failed:
[3.013s] [01m[K/home/judson35/f1_tenth/sim_ws/src/wall_follow/src/wall_follow_node.cpp:141:94:[m[K [01;36m[Knote: [m[K  mismatched types â€˜[01m[Kstd::valarray<_Tp>[m[Kâ€™ and â€˜[01m[Kfloat [length][m[Kâ€™
[3.013s]   141 | :begin(scan_msg->ranges), std::end(scan_msg->ranges), std::begin(ranges[01;36m[K)[m[K);
[3.013s]       |                                                                        [01;36m[K^[m[K
[3.014s] 
[3.014s] In file included from [01m[K/usr/include/c++/9/string:54[m[K,
[3.014s]                  from [01m[K/usr/include/c++/9/stdexcept:39[m[K,
[3.014s]                  from [01m[K/usr/include/c++/9/array:39[m[K,
[3.014s]                  from [01m[K/usr/include/c++/9/tuple:39[m[K,
[3.014s]                  from [01m[K/usr/include/c++/9/bits/unique_ptr.h:37[m[K,
[3.014s]                  from [01m[K/usr/include/c++/9/memory:80[m[K,
[3.014s]                  from [01m[K/opt/ros/foxy/include/rclcpp/rclcpp.hpp:144[m[K,
[3.015s]                  from [01m[K/home/judson35/f1_tenth/sim_ws/src/wall_follow/src/wall_follow_node.cpp:1[m[K:
[3.015s] [01m[K/usr/include/c++/9/bits/range_access.h:105:37:[m[K [01;36m[Knote: [m[Kcandidate: â€˜[01m[Ktemplate<class _Tp> const _Tp* std::begin(const std::valarray<_Tp>&)[m[Kâ€™
[3.015s]   105 |   template<typename _Tp> const _Tp* [01;36m[Kbegin[m[K(const valarray<_Tp>&);
[3.015s]       |                                     [01;36m[K^~~~~[m[K
[3.015s] [01m[K/usr/include/c++/9/bits/range_access.h:105:37:[m[K [01;36m[Knote: [m[K  template argument deduction/substitution failed:
[3.015s] [01m[K/home/judson35/f1_tenth/sim_ws/src/wall_follow/src/wall_follow_node.cpp:141:94:[m[K [01;36m[Knote: [m[K  mismatched types â€˜[01m[Kconst std::valarray<_Tp>[m[Kâ€™ and â€˜[01m[Kfloat [length][m[Kâ€™
[3.015s]   141 | :begin(scan_msg->ranges), std::end(scan_msg->ranges), std::begin(ranges[01;36m[K)[m[K);
[3.016s]       |                                                                        [01;36m[K^[m[K
[3.016s] 
[6.363s] make[2]: *** [CMakeFiles/wall_follow_node.dir/build.make:63: CMakeFiles/wall_follow_node.dir/src/wall_follow_node.cpp.o] Error 1
[6.363s] make[1]: *** [CMakeFiles/Makefile2:78: CMakeFiles/wall_follow_node.dir/all] Error 2
[6.364s] make: *** [Makefile:141: all] Error 2
[6.367s] Invoked command in '/home/judson35/f1_tenth/sim_ws/build/wall_follow' returned '2': CMAKE_PREFIX_PATH=${CMAKE_PREFIX_PATH}:/home/judson35/f1_tenth/sim_ws/install/f1tenth_gym_ros:/opt/ros/foxy /usr/bin/cmake --build /home/judson35/f1_tenth/sim_ws/build/wall_follow -- -j8 -l8
